[2023-05-02T06:02:45.740+0000] {processor.py:156} INFO - Started process (PID=32) to work on /opt/airflow/dags/example_dag_basic.py
[2023-05-02T06:02:45.759+0000] {processor.py:799} INFO - Processing file /opt/airflow/dags/example_dag_basic.py for tasks to queue
[2023-05-02T06:02:45.790+0000] {logging_mixin.py:149} INFO - [2023-05-02T06:02:45.781+0000] {dagbag.py:541} INFO - Filling up the DagBag from /opt/airflow/dags/example_dag_basic.py
[2023-05-02T06:02:45.967+0000] {processor.py:809} INFO - DAG(s) dict_keys(['example_dag_basic']) retrieved from /opt/airflow/dags/example_dag_basic.py
[2023-05-02T06:02:46.723+0000] {logging_mixin.py:149} INFO - [2023-05-02T06:02:46.723+0000] {manager.py:504} INFO - Created Permission View: can edit on DAG:example_dag_basic
[2023-05-02T06:02:46.744+0000] {logging_mixin.py:149} INFO - [2023-05-02T06:02:46.743+0000] {manager.py:504} INFO - Created Permission View: can read on DAG:example_dag_basic
[2023-05-02T06:02:46.769+0000] {logging_mixin.py:149} INFO - [2023-05-02T06:02:46.769+0000] {manager.py:504} INFO - Created Permission View: can delete on DAG:example_dag_basic
[2023-05-02T06:02:46.770+0000] {logging_mixin.py:149} INFO - [2023-05-02T06:02:46.770+0000] {dag.py:2726} INFO - Sync 1 DAGs
[2023-05-02T06:02:46.794+0000] {logging_mixin.py:149} INFO - [2023-05-02T06:02:46.793+0000] {dag.py:2747} INFO - Creating ORM DAG for example_dag_basic
[2023-05-02T06:02:46.823+0000] {logging_mixin.py:149} INFO - [2023-05-02T06:02:46.822+0000] {dag.py:3490} INFO - Setting next_dagrun for example_dag_basic to 2023-05-01T00:00:00+00:00, run_after=2023-05-02T00:00:00+00:00
[2023-05-02T06:02:46.882+0000] {processor.py:178} INFO - Processing /opt/airflow/dags/example_dag_basic.py took 1.164 seconds
[2023-05-02T06:03:17.294+0000] {processor.py:156} INFO - Started process (PID=91) to work on /opt/airflow/dags/example_dag_basic.py
[2023-05-02T06:03:17.295+0000] {processor.py:799} INFO - Processing file /opt/airflow/dags/example_dag_basic.py for tasks to queue
[2023-05-02T06:03:17.297+0000] {logging_mixin.py:149} INFO - [2023-05-02T06:03:17.297+0000] {dagbag.py:541} INFO - Filling up the DagBag from /opt/airflow/dags/example_dag_basic.py
[2023-05-02T06:03:17.329+0000] {processor.py:809} INFO - DAG(s) dict_keys(['example_dag_basic']) retrieved from /opt/airflow/dags/example_dag_basic.py
[2023-05-02T06:03:17.407+0000] {logging_mixin.py:149} INFO - [2023-05-02T06:03:17.407+0000] {dag.py:2726} INFO - Sync 1 DAGs
[2023-05-02T06:03:17.498+0000] {logging_mixin.py:149} INFO - [2023-05-02T06:03:17.498+0000] {dag.py:3490} INFO - Setting next_dagrun for example_dag_basic to 2023-05-01T00:00:00+00:00, run_after=2023-05-02T00:00:00+00:00
[2023-05-02T06:03:17.605+0000] {processor.py:178} INFO - Processing /opt/airflow/dags/example_dag_basic.py took 0.318 seconds
[2023-05-02T06:03:47.992+0000] {processor.py:156} INFO - Started process (PID=150) to work on /opt/airflow/dags/example_dag_basic.py
[2023-05-02T06:03:48.018+0000] {processor.py:799} INFO - Processing file /opt/airflow/dags/example_dag_basic.py for tasks to queue
[2023-05-02T06:03:48.200+0000] {logging_mixin.py:149} INFO - [2023-05-02T06:03:48.197+0000] {dagbag.py:541} INFO - Filling up the DagBag from /opt/airflow/dags/example_dag_basic.py
[2023-05-02T06:03:48.284+0000] {processor.py:809} INFO - DAG(s) dict_keys(['example_dag_basic']) retrieved from /opt/airflow/dags/example_dag_basic.py
[2023-05-02T06:03:48.350+0000] {logging_mixin.py:149} INFO - [2023-05-02T06:03:48.350+0000] {dag.py:2726} INFO - Sync 1 DAGs
[2023-05-02T06:03:48.416+0000] {logging_mixin.py:149} INFO - [2023-05-02T06:03:48.416+0000] {dag.py:3490} INFO - Setting next_dagrun for example_dag_basic to 2023-05-01T00:00:00+00:00, run_after=2023-05-02T00:00:00+00:00
[2023-05-02T06:03:49.594+0000] {processor.py:178} INFO - Processing /opt/airflow/dags/example_dag_basic.py took 1.622 seconds
[2023-05-02T06:04:19.894+0000] {processor.py:156} INFO - Started process (PID=208) to work on /opt/airflow/dags/example_dag_basic.py
[2023-05-02T06:04:19.896+0000] {processor.py:799} INFO - Processing file /opt/airflow/dags/example_dag_basic.py for tasks to queue
[2023-05-02T06:04:19.897+0000] {logging_mixin.py:149} INFO - [2023-05-02T06:04:19.897+0000] {dagbag.py:541} INFO - Filling up the DagBag from /opt/airflow/dags/example_dag_basic.py
[2023-05-02T06:04:19.923+0000] {processor.py:809} INFO - DAG(s) dict_keys(['example_dag_basic']) retrieved from /opt/airflow/dags/example_dag_basic.py
[2023-05-02T06:04:20.049+0000] {logging_mixin.py:149} INFO - [2023-05-02T06:04:20.048+0000] {dag.py:2726} INFO - Sync 1 DAGs
[2023-05-02T06:04:20.169+0000] {logging_mixin.py:149} INFO - [2023-05-02T06:04:20.169+0000] {dag.py:3490} INFO - Setting next_dagrun for example_dag_basic to 2023-05-01T00:00:00+00:00, run_after=2023-05-02T00:00:00+00:00
[2023-05-02T06:04:20.224+0000] {processor.py:178} INFO - Processing /opt/airflow/dags/example_dag_basic.py took 0.337 seconds
[2023-05-02T06:04:50.337+0000] {processor.py:156} INFO - Started process (PID=265) to work on /opt/airflow/dags/example_dag_basic.py
[2023-05-02T06:04:50.342+0000] {processor.py:799} INFO - Processing file /opt/airflow/dags/example_dag_basic.py for tasks to queue
[2023-05-02T06:04:50.347+0000] {logging_mixin.py:149} INFO - [2023-05-02T06:04:50.346+0000] {dagbag.py:541} INFO - Filling up the DagBag from /opt/airflow/dags/example_dag_basic.py
[2023-05-02T06:04:50.371+0000] {processor.py:809} INFO - DAG(s) dict_keys(['example_dag_basic']) retrieved from /opt/airflow/dags/example_dag_basic.py
[2023-05-02T06:04:50.400+0000] {logging_mixin.py:149} INFO - [2023-05-02T06:04:50.400+0000] {dag.py:2726} INFO - Sync 1 DAGs
[2023-05-02T06:04:50.432+0000] {logging_mixin.py:149} INFO - [2023-05-02T06:04:50.432+0000] {dag.py:3490} INFO - Setting next_dagrun for example_dag_basic to 2023-05-01T00:00:00+00:00, run_after=2023-05-02T00:00:00+00:00
[2023-05-02T06:04:50.456+0000] {processor.py:178} INFO - Processing /opt/airflow/dags/example_dag_basic.py took 0.137 seconds
[2023-05-02T06:05:20.695+0000] {processor.py:156} INFO - Started process (PID=323) to work on /opt/airflow/dags/example_dag_basic.py
[2023-05-02T06:05:20.698+0000] {processor.py:799} INFO - Processing file /opt/airflow/dags/example_dag_basic.py for tasks to queue
[2023-05-02T06:05:20.702+0000] {logging_mixin.py:149} INFO - [2023-05-02T06:05:20.701+0000] {dagbag.py:541} INFO - Filling up the DagBag from /opt/airflow/dags/example_dag_basic.py
[2023-05-02T06:05:20.730+0000] {processor.py:809} INFO - DAG(s) dict_keys(['example_dag_basic']) retrieved from /opt/airflow/dags/example_dag_basic.py
[2023-05-02T06:05:20.759+0000] {logging_mixin.py:149} INFO - [2023-05-02T06:05:20.759+0000] {dag.py:2726} INFO - Sync 1 DAGs
[2023-05-02T06:05:20.787+0000] {logging_mixin.py:149} INFO - [2023-05-02T06:05:20.787+0000] {dag.py:3490} INFO - Setting next_dagrun for example_dag_basic to 2023-05-01T00:00:00+00:00, run_after=2023-05-02T00:00:00+00:00
[2023-05-02T06:05:20.809+0000] {processor.py:178} INFO - Processing /opt/airflow/dags/example_dag_basic.py took 0.126 seconds
[2023-05-02T06:05:50.987+0000] {processor.py:156} INFO - Started process (PID=381) to work on /opt/airflow/dags/example_dag_basic.py
[2023-05-02T06:05:50.988+0000] {processor.py:799} INFO - Processing file /opt/airflow/dags/example_dag_basic.py for tasks to queue
[2023-05-02T06:05:50.989+0000] {logging_mixin.py:149} INFO - [2023-05-02T06:05:50.989+0000] {dagbag.py:541} INFO - Filling up the DagBag from /opt/airflow/dags/example_dag_basic.py
[2023-05-02T06:05:51.001+0000] {processor.py:809} INFO - DAG(s) dict_keys(['example_dag_basic']) retrieved from /opt/airflow/dags/example_dag_basic.py
[2023-05-02T06:05:51.028+0000] {logging_mixin.py:149} INFO - [2023-05-02T06:05:51.028+0000] {dag.py:2726} INFO - Sync 1 DAGs
[2023-05-02T06:05:51.058+0000] {logging_mixin.py:149} INFO - [2023-05-02T06:05:51.057+0000] {dag.py:3490} INFO - Setting next_dagrun for example_dag_basic to 2023-05-01T00:00:00+00:00, run_after=2023-05-02T00:00:00+00:00
[2023-05-02T06:05:51.082+0000] {processor.py:178} INFO - Processing /opt/airflow/dags/example_dag_basic.py took 0.100 seconds
[2023-05-02T06:06:21.566+0000] {processor.py:156} INFO - Started process (PID=439) to work on /opt/airflow/dags/example_dag_basic.py
[2023-05-02T06:06:21.568+0000] {processor.py:799} INFO - Processing file /opt/airflow/dags/example_dag_basic.py for tasks to queue
[2023-05-02T06:06:21.569+0000] {logging_mixin.py:149} INFO - [2023-05-02T06:06:21.569+0000] {dagbag.py:541} INFO - Filling up the DagBag from /opt/airflow/dags/example_dag_basic.py
[2023-05-02T06:06:21.580+0000] {processor.py:809} INFO - DAG(s) dict_keys(['example_dag_basic']) retrieved from /opt/airflow/dags/example_dag_basic.py
[2023-05-02T06:06:21.607+0000] {logging_mixin.py:149} INFO - [2023-05-02T06:06:21.607+0000] {dag.py:2726} INFO - Sync 1 DAGs
[2023-05-02T06:06:21.637+0000] {logging_mixin.py:149} INFO - [2023-05-02T06:06:21.637+0000] {dag.py:3490} INFO - Setting next_dagrun for example_dag_basic to 2023-05-01T00:00:00+00:00, run_after=2023-05-02T00:00:00+00:00
[2023-05-02T06:06:21.663+0000] {processor.py:178} INFO - Processing /opt/airflow/dags/example_dag_basic.py took 0.101 seconds
[2023-05-02T06:06:52.060+0000] {processor.py:156} INFO - Started process (PID=497) to work on /opt/airflow/dags/example_dag_basic.py
[2023-05-02T06:06:52.062+0000] {processor.py:799} INFO - Processing file /opt/airflow/dags/example_dag_basic.py for tasks to queue
[2023-05-02T06:06:52.063+0000] {logging_mixin.py:149} INFO - [2023-05-02T06:06:52.063+0000] {dagbag.py:541} INFO - Filling up the DagBag from /opt/airflow/dags/example_dag_basic.py
[2023-05-02T06:06:52.075+0000] {processor.py:809} INFO - DAG(s) dict_keys(['example_dag_basic']) retrieved from /opt/airflow/dags/example_dag_basic.py
[2023-05-02T06:06:52.102+0000] {logging_mixin.py:149} INFO - [2023-05-02T06:06:52.102+0000] {dag.py:2726} INFO - Sync 1 DAGs
[2023-05-02T06:06:52.135+0000] {logging_mixin.py:149} INFO - [2023-05-02T06:06:52.135+0000] {dag.py:3490} INFO - Setting next_dagrun for example_dag_basic to 2023-05-01T00:00:00+00:00, run_after=2023-05-02T00:00:00+00:00
[2023-05-02T06:06:52.157+0000] {processor.py:178} INFO - Processing /opt/airflow/dags/example_dag_basic.py took 0.103 seconds
[2023-05-02T06:07:22.405+0000] {processor.py:156} INFO - Started process (PID=555) to work on /opt/airflow/dags/example_dag_basic.py
[2023-05-02T06:07:22.407+0000] {processor.py:799} INFO - Processing file /opt/airflow/dags/example_dag_basic.py for tasks to queue
[2023-05-02T06:07:22.410+0000] {logging_mixin.py:149} INFO - [2023-05-02T06:07:22.409+0000] {dagbag.py:541} INFO - Filling up the DagBag from /opt/airflow/dags/example_dag_basic.py
[2023-05-02T06:07:22.426+0000] {processor.py:809} INFO - DAG(s) dict_keys(['example_dag_basic']) retrieved from /opt/airflow/dags/example_dag_basic.py
[2023-05-02T06:07:22.450+0000] {logging_mixin.py:149} INFO - [2023-05-02T06:07:22.450+0000] {dag.py:2726} INFO - Sync 1 DAGs
[2023-05-02T06:07:22.477+0000] {logging_mixin.py:149} INFO - [2023-05-02T06:07:22.477+0000] {dag.py:3490} INFO - Setting next_dagrun for example_dag_basic to 2023-05-01T00:00:00+00:00, run_after=2023-05-02T00:00:00+00:00
[2023-05-02T06:07:22.500+0000] {processor.py:178} INFO - Processing /opt/airflow/dags/example_dag_basic.py took 0.111 seconds
[2023-05-02T06:07:52.834+0000] {processor.py:156} INFO - Started process (PID=613) to work on /opt/airflow/dags/example_dag_basic.py
[2023-05-02T06:07:52.836+0000] {processor.py:799} INFO - Processing file /opt/airflow/dags/example_dag_basic.py for tasks to queue
[2023-05-02T06:07:52.837+0000] {logging_mixin.py:149} INFO - [2023-05-02T06:07:52.837+0000] {dagbag.py:541} INFO - Filling up the DagBag from /opt/airflow/dags/example_dag_basic.py
[2023-05-02T06:07:52.850+0000] {processor.py:809} INFO - DAG(s) dict_keys(['example_dag_basic']) retrieved from /opt/airflow/dags/example_dag_basic.py
[2023-05-02T06:07:52.874+0000] {logging_mixin.py:149} INFO - [2023-05-02T06:07:52.874+0000] {dag.py:2726} INFO - Sync 1 DAGs
[2023-05-02T06:07:52.901+0000] {logging_mixin.py:149} INFO - [2023-05-02T06:07:52.901+0000] {dag.py:3490} INFO - Setting next_dagrun for example_dag_basic to 2023-05-01T00:00:00+00:00, run_after=2023-05-02T00:00:00+00:00
[2023-05-02T06:07:52.924+0000] {processor.py:178} INFO - Processing /opt/airflow/dags/example_dag_basic.py took 0.099 seconds
[2023-05-02T06:08:23.154+0000] {processor.py:156} INFO - Started process (PID=671) to work on /opt/airflow/dags/example_dag_basic.py
[2023-05-02T06:08:23.156+0000] {processor.py:799} INFO - Processing file /opt/airflow/dags/example_dag_basic.py for tasks to queue
[2023-05-02T06:08:23.157+0000] {logging_mixin.py:149} INFO - [2023-05-02T06:08:23.157+0000] {dagbag.py:541} INFO - Filling up the DagBag from /opt/airflow/dags/example_dag_basic.py
[2023-05-02T06:08:23.168+0000] {processor.py:809} INFO - DAG(s) dict_keys(['example_dag_basic']) retrieved from /opt/airflow/dags/example_dag_basic.py
[2023-05-02T06:08:23.195+0000] {logging_mixin.py:149} INFO - [2023-05-02T06:08:23.195+0000] {dag.py:2726} INFO - Sync 1 DAGs
[2023-05-02T06:08:23.224+0000] {logging_mixin.py:149} INFO - [2023-05-02T06:08:23.224+0000] {dag.py:3490} INFO - Setting next_dagrun for example_dag_basic to 2023-05-01T00:00:00+00:00, run_after=2023-05-02T00:00:00+00:00
[2023-05-02T06:08:23.247+0000] {processor.py:178} INFO - Processing /opt/airflow/dags/example_dag_basic.py took 0.097 seconds
[2023-05-02T06:08:54.095+0000] {processor.py:156} INFO - Started process (PID=729) to work on /opt/airflow/dags/example_dag_basic.py
[2023-05-02T06:08:54.098+0000] {processor.py:799} INFO - Processing file /opt/airflow/dags/example_dag_basic.py for tasks to queue
[2023-05-02T06:08:54.099+0000] {logging_mixin.py:149} INFO - [2023-05-02T06:08:54.099+0000] {dagbag.py:541} INFO - Filling up the DagBag from /opt/airflow/dags/example_dag_basic.py
[2023-05-02T06:08:54.111+0000] {processor.py:809} INFO - DAG(s) dict_keys(['example_dag_basic']) retrieved from /opt/airflow/dags/example_dag_basic.py
[2023-05-02T06:08:54.138+0000] {logging_mixin.py:149} INFO - [2023-05-02T06:08:54.138+0000] {dag.py:2726} INFO - Sync 1 DAGs
[2023-05-02T06:08:54.166+0000] {logging_mixin.py:149} INFO - [2023-05-02T06:08:54.166+0000] {dag.py:3490} INFO - Setting next_dagrun for example_dag_basic to 2023-05-01T00:00:00+00:00, run_after=2023-05-02T00:00:00+00:00
[2023-05-02T06:08:54.194+0000] {processor.py:178} INFO - Processing /opt/airflow/dags/example_dag_basic.py took 0.103 seconds
[2023-05-02T06:09:24.851+0000] {processor.py:156} INFO - Started process (PID=787) to work on /opt/airflow/dags/example_dag_basic.py
[2023-05-02T06:09:24.852+0000] {processor.py:799} INFO - Processing file /opt/airflow/dags/example_dag_basic.py for tasks to queue
[2023-05-02T06:09:24.854+0000] {logging_mixin.py:149} INFO - [2023-05-02T06:09:24.853+0000] {dagbag.py:541} INFO - Filling up the DagBag from /opt/airflow/dags/example_dag_basic.py
[2023-05-02T06:09:24.868+0000] {processor.py:809} INFO - DAG(s) dict_keys(['example_dag_basic']) retrieved from /opt/airflow/dags/example_dag_basic.py
[2023-05-02T06:09:24.910+0000] {logging_mixin.py:149} INFO - [2023-05-02T06:09:24.910+0000] {dag.py:2726} INFO - Sync 1 DAGs
[2023-05-02T06:09:24.953+0000] {logging_mixin.py:149} INFO - [2023-05-02T06:09:24.952+0000] {dag.py:3490} INFO - Setting next_dagrun for example_dag_basic to 2023-05-01T00:00:00+00:00, run_after=2023-05-02T00:00:00+00:00
[2023-05-02T06:09:24.985+0000] {processor.py:178} INFO - Processing /opt/airflow/dags/example_dag_basic.py took 0.138 seconds
[2023-05-02T06:09:55.904+0000] {processor.py:156} INFO - Started process (PID=845) to work on /opt/airflow/dags/example_dag_basic.py
[2023-05-02T06:09:55.906+0000] {processor.py:799} INFO - Processing file /opt/airflow/dags/example_dag_basic.py for tasks to queue
[2023-05-02T06:09:55.907+0000] {logging_mixin.py:149} INFO - [2023-05-02T06:09:55.907+0000] {dagbag.py:541} INFO - Filling up the DagBag from /opt/airflow/dags/example_dag_basic.py
[2023-05-02T06:09:55.929+0000] {processor.py:809} INFO - DAG(s) dict_keys(['example_dag_basic']) retrieved from /opt/airflow/dags/example_dag_basic.py
[2023-05-02T06:09:55.957+0000] {logging_mixin.py:149} INFO - [2023-05-02T06:09:55.956+0000] {dag.py:2726} INFO - Sync 1 DAGs
[2023-05-02T06:09:55.989+0000] {logging_mixin.py:149} INFO - [2023-05-02T06:09:55.989+0000] {dag.py:3490} INFO - Setting next_dagrun for example_dag_basic to 2023-05-01T00:00:00+00:00, run_after=2023-05-02T00:00:00+00:00
[2023-05-02T06:09:56.019+0000] {processor.py:178} INFO - Processing /opt/airflow/dags/example_dag_basic.py took 0.121 seconds
[2023-05-02T06:10:26.263+0000] {processor.py:156} INFO - Started process (PID=903) to work on /opt/airflow/dags/example_dag_basic.py
[2023-05-02T06:10:26.265+0000] {processor.py:799} INFO - Processing file /opt/airflow/dags/example_dag_basic.py for tasks to queue
[2023-05-02T06:10:26.268+0000] {logging_mixin.py:149} INFO - [2023-05-02T06:10:26.267+0000] {dagbag.py:541} INFO - Filling up the DagBag from /opt/airflow/dags/example_dag_basic.py
[2023-05-02T06:10:26.288+0000] {processor.py:809} INFO - DAG(s) dict_keys(['example_dag_basic']) retrieved from /opt/airflow/dags/example_dag_basic.py
[2023-05-02T06:10:26.327+0000] {logging_mixin.py:149} INFO - [2023-05-02T06:10:26.327+0000] {dag.py:2726} INFO - Sync 1 DAGs
[2023-05-02T06:10:26.366+0000] {logging_mixin.py:149} INFO - [2023-05-02T06:10:26.365+0000] {dag.py:3490} INFO - Setting next_dagrun for example_dag_basic to 2023-05-01T00:00:00+00:00, run_after=2023-05-02T00:00:00+00:00
[2023-05-02T06:10:26.395+0000] {processor.py:178} INFO - Processing /opt/airflow/dags/example_dag_basic.py took 0.140 seconds
[2023-05-02T06:10:57.397+0000] {processor.py:156} INFO - Started process (PID=961) to work on /opt/airflow/dags/example_dag_basic.py
[2023-05-02T06:10:57.399+0000] {processor.py:799} INFO - Processing file /opt/airflow/dags/example_dag_basic.py for tasks to queue
[2023-05-02T06:10:57.400+0000] {logging_mixin.py:149} INFO - [2023-05-02T06:10:57.400+0000] {dagbag.py:541} INFO - Filling up the DagBag from /opt/airflow/dags/example_dag_basic.py
[2023-05-02T06:10:57.413+0000] {processor.py:809} INFO - DAG(s) dict_keys(['example_dag_basic']) retrieved from /opt/airflow/dags/example_dag_basic.py
[2023-05-02T06:10:57.437+0000] {logging_mixin.py:149} INFO - [2023-05-02T06:10:57.436+0000] {dag.py:2726} INFO - Sync 1 DAGs
[2023-05-02T06:10:57.464+0000] {logging_mixin.py:149} INFO - [2023-05-02T06:10:57.464+0000] {dag.py:3490} INFO - Setting next_dagrun for example_dag_basic to 2023-05-01T00:00:00+00:00, run_after=2023-05-02T00:00:00+00:00
[2023-05-02T06:10:57.491+0000] {processor.py:178} INFO - Processing /opt/airflow/dags/example_dag_basic.py took 0.102 seconds
[2023-05-02T06:11:27.984+0000] {processor.py:156} INFO - Started process (PID=1019) to work on /opt/airflow/dags/example_dag_basic.py
[2023-05-02T06:11:27.985+0000] {processor.py:799} INFO - Processing file /opt/airflow/dags/example_dag_basic.py for tasks to queue
[2023-05-02T06:11:27.987+0000] {logging_mixin.py:149} INFO - [2023-05-02T06:11:27.987+0000] {dagbag.py:541} INFO - Filling up the DagBag from /opt/airflow/dags/example_dag_basic.py
[2023-05-02T06:11:28.002+0000] {processor.py:809} INFO - DAG(s) dict_keys(['example_dag_basic']) retrieved from /opt/airflow/dags/example_dag_basic.py
[2023-05-02T06:11:28.030+0000] {logging_mixin.py:149} INFO - [2023-05-02T06:11:28.030+0000] {dag.py:2726} INFO - Sync 1 DAGs
[2023-05-02T06:11:28.059+0000] {logging_mixin.py:149} INFO - [2023-05-02T06:11:28.059+0000] {dag.py:3490} INFO - Setting next_dagrun for example_dag_basic to 2023-05-01T00:00:00+00:00, run_after=2023-05-02T00:00:00+00:00
[2023-05-02T06:11:28.084+0000] {processor.py:178} INFO - Processing /opt/airflow/dags/example_dag_basic.py took 0.108 seconds
[2023-05-02T06:11:58.249+0000] {processor.py:156} INFO - Started process (PID=1077) to work on /opt/airflow/dags/example_dag_basic.py
[2023-05-02T06:11:58.251+0000] {processor.py:799} INFO - Processing file /opt/airflow/dags/example_dag_basic.py for tasks to queue
[2023-05-02T06:11:58.254+0000] {logging_mixin.py:149} INFO - [2023-05-02T06:11:58.253+0000] {dagbag.py:541} INFO - Filling up the DagBag from /opt/airflow/dags/example_dag_basic.py
[2023-05-02T06:11:58.269+0000] {processor.py:809} INFO - DAG(s) dict_keys(['example_dag_basic']) retrieved from /opt/airflow/dags/example_dag_basic.py
[2023-05-02T06:11:58.296+0000] {logging_mixin.py:149} INFO - [2023-05-02T06:11:58.295+0000] {dag.py:2726} INFO - Sync 1 DAGs
[2023-05-02T06:11:58.323+0000] {logging_mixin.py:149} INFO - [2023-05-02T06:11:58.323+0000] {dag.py:3490} INFO - Setting next_dagrun for example_dag_basic to 2023-05-01T00:00:00+00:00, run_after=2023-05-02T00:00:00+00:00
[2023-05-02T06:11:58.349+0000] {processor.py:178} INFO - Processing /opt/airflow/dags/example_dag_basic.py took 0.108 seconds
[2023-05-02T06:12:28.520+0000] {processor.py:156} INFO - Started process (PID=1135) to work on /opt/airflow/dags/example_dag_basic.py
[2023-05-02T06:12:28.522+0000] {processor.py:799} INFO - Processing file /opt/airflow/dags/example_dag_basic.py for tasks to queue
[2023-05-02T06:12:28.524+0000] {logging_mixin.py:149} INFO - [2023-05-02T06:12:28.523+0000] {dagbag.py:541} INFO - Filling up the DagBag from /opt/airflow/dags/example_dag_basic.py
[2023-05-02T06:12:28.542+0000] {processor.py:809} INFO - DAG(s) dict_keys(['example_dag_basic']) retrieved from /opt/airflow/dags/example_dag_basic.py
[2023-05-02T06:12:28.570+0000] {logging_mixin.py:149} INFO - [2023-05-02T06:12:28.570+0000] {dag.py:2726} INFO - Sync 1 DAGs
[2023-05-02T06:12:28.601+0000] {logging_mixin.py:149} INFO - [2023-05-02T06:12:28.601+0000] {dag.py:3490} INFO - Setting next_dagrun for example_dag_basic to 2023-05-01T00:00:00+00:00, run_after=2023-05-02T00:00:00+00:00
[2023-05-02T06:12:28.628+0000] {processor.py:178} INFO - Processing /opt/airflow/dags/example_dag_basic.py took 0.119 seconds
[2023-05-02T06:12:59.200+0000] {processor.py:156} INFO - Started process (PID=1193) to work on /opt/airflow/dags/example_dag_basic.py
[2023-05-02T06:12:59.202+0000] {processor.py:799} INFO - Processing file /opt/airflow/dags/example_dag_basic.py for tasks to queue
[2023-05-02T06:12:59.204+0000] {logging_mixin.py:149} INFO - [2023-05-02T06:12:59.204+0000] {dagbag.py:541} INFO - Filling up the DagBag from /opt/airflow/dags/example_dag_basic.py
[2023-05-02T06:12:59.220+0000] {processor.py:809} INFO - DAG(s) dict_keys(['example_dag_basic']) retrieved from /opt/airflow/dags/example_dag_basic.py
[2023-05-02T06:12:59.250+0000] {logging_mixin.py:149} INFO - [2023-05-02T06:12:59.250+0000] {dag.py:2726} INFO - Sync 1 DAGs
[2023-05-02T06:12:59.284+0000] {logging_mixin.py:149} INFO - [2023-05-02T06:12:59.283+0000] {dag.py:3490} INFO - Setting next_dagrun for example_dag_basic to 2023-05-01T00:00:00+00:00, run_after=2023-05-02T00:00:00+00:00
[2023-05-02T06:12:59.310+0000] {processor.py:178} INFO - Processing /opt/airflow/dags/example_dag_basic.py took 0.118 seconds
[2023-05-02T06:13:29.767+0000] {processor.py:156} INFO - Started process (PID=1251) to work on /opt/airflow/dags/example_dag_basic.py
[2023-05-02T06:13:29.768+0000] {processor.py:799} INFO - Processing file /opt/airflow/dags/example_dag_basic.py for tasks to queue
[2023-05-02T06:13:29.770+0000] {logging_mixin.py:149} INFO - [2023-05-02T06:13:29.769+0000] {dagbag.py:541} INFO - Filling up the DagBag from /opt/airflow/dags/example_dag_basic.py
[2023-05-02T06:13:29.782+0000] {processor.py:809} INFO - DAG(s) dict_keys(['example_dag_basic']) retrieved from /opt/airflow/dags/example_dag_basic.py
[2023-05-02T06:13:29.817+0000] {logging_mixin.py:149} INFO - [2023-05-02T06:13:29.816+0000] {dag.py:2726} INFO - Sync 1 DAGs
[2023-05-02T06:13:29.858+0000] {logging_mixin.py:149} INFO - [2023-05-02T06:13:29.858+0000] {dag.py:3490} INFO - Setting next_dagrun for example_dag_basic to 2023-05-01T00:00:00+00:00, run_after=2023-05-02T00:00:00+00:00
[2023-05-02T06:13:29.889+0000] {processor.py:178} INFO - Processing /opt/airflow/dags/example_dag_basic.py took 0.126 seconds
[2023-05-02T06:14:00.291+0000] {processor.py:156} INFO - Started process (PID=1309) to work on /opt/airflow/dags/example_dag_basic.py
[2023-05-02T06:14:00.292+0000] {processor.py:799} INFO - Processing file /opt/airflow/dags/example_dag_basic.py for tasks to queue
[2023-05-02T06:14:00.294+0000] {logging_mixin.py:149} INFO - [2023-05-02T06:14:00.294+0000] {dagbag.py:541} INFO - Filling up the DagBag from /opt/airflow/dags/example_dag_basic.py
[2023-05-02T06:14:00.309+0000] {processor.py:809} INFO - DAG(s) dict_keys(['example_dag_basic']) retrieved from /opt/airflow/dags/example_dag_basic.py
[2023-05-02T06:14:00.337+0000] {logging_mixin.py:149} INFO - [2023-05-02T06:14:00.337+0000] {dag.py:2726} INFO - Sync 1 DAGs
[2023-05-02T06:14:00.366+0000] {logging_mixin.py:149} INFO - [2023-05-02T06:14:00.366+0000] {dag.py:3490} INFO - Setting next_dagrun for example_dag_basic to 2023-05-01T00:00:00+00:00, run_after=2023-05-02T00:00:00+00:00
[2023-05-02T06:14:00.391+0000] {processor.py:178} INFO - Processing /opt/airflow/dags/example_dag_basic.py took 0.109 seconds
[2023-05-02T06:14:30.765+0000] {processor.py:156} INFO - Started process (PID=1368) to work on /opt/airflow/dags/example_dag_basic.py
[2023-05-02T06:14:30.767+0000] {processor.py:799} INFO - Processing file /opt/airflow/dags/example_dag_basic.py for tasks to queue
[2023-05-02T06:14:30.769+0000] {logging_mixin.py:149} INFO - [2023-05-02T06:14:30.768+0000] {dagbag.py:541} INFO - Filling up the DagBag from /opt/airflow/dags/example_dag_basic.py
[2023-05-02T06:14:30.782+0000] {processor.py:809} INFO - DAG(s) dict_keys(['example_dag_basic']) retrieved from /opt/airflow/dags/example_dag_basic.py
[2023-05-02T06:14:30.815+0000] {logging_mixin.py:149} INFO - [2023-05-02T06:14:30.815+0000] {dag.py:2726} INFO - Sync 1 DAGs
[2023-05-02T06:14:30.849+0000] {logging_mixin.py:149} INFO - [2023-05-02T06:14:30.849+0000] {dag.py:3490} INFO - Setting next_dagrun for example_dag_basic to 2023-05-01T00:00:00+00:00, run_after=2023-05-02T00:00:00+00:00
[2023-05-02T06:14:30.885+0000] {processor.py:178} INFO - Processing /opt/airflow/dags/example_dag_basic.py took 0.127 seconds
[2023-05-02T06:15:01.233+0000] {processor.py:156} INFO - Started process (PID=1433) to work on /opt/airflow/dags/example_dag_basic.py
[2023-05-02T06:15:01.239+0000] {processor.py:799} INFO - Processing file /opt/airflow/dags/example_dag_basic.py for tasks to queue
[2023-05-02T06:15:01.245+0000] {logging_mixin.py:149} INFO - [2023-05-02T06:15:01.244+0000] {dagbag.py:541} INFO - Filling up the DagBag from /opt/airflow/dags/example_dag_basic.py
[2023-05-02T06:15:01.277+0000] {processor.py:809} INFO - DAG(s) dict_keys(['example_dag_basic']) retrieved from /opt/airflow/dags/example_dag_basic.py
[2023-05-02T06:15:01.314+0000] {logging_mixin.py:149} INFO - [2023-05-02T06:15:01.314+0000] {dag.py:2726} INFO - Sync 1 DAGs
[2023-05-02T06:15:01.356+0000] {logging_mixin.py:149} INFO - [2023-05-02T06:15:01.356+0000] {dag.py:3490} INFO - Setting next_dagrun for example_dag_basic to 2023-05-01T00:00:00+00:00, run_after=2023-05-02T00:00:00+00:00
[2023-05-02T06:15:01.391+0000] {processor.py:178} INFO - Processing /opt/airflow/dags/example_dag_basic.py took 0.180 seconds
[2023-05-02T06:15:32.270+0000] {processor.py:156} INFO - Started process (PID=1491) to work on /opt/airflow/dags/example_dag_basic.py
[2023-05-02T06:15:32.271+0000] {processor.py:799} INFO - Processing file /opt/airflow/dags/example_dag_basic.py for tasks to queue
[2023-05-02T06:15:32.273+0000] {logging_mixin.py:149} INFO - [2023-05-02T06:15:32.273+0000] {dagbag.py:541} INFO - Filling up the DagBag from /opt/airflow/dags/example_dag_basic.py
[2023-05-02T06:15:32.289+0000] {processor.py:809} INFO - DAG(s) dict_keys(['example_dag_basic']) retrieved from /opt/airflow/dags/example_dag_basic.py
[2023-05-02T06:15:32.322+0000] {logging_mixin.py:149} INFO - [2023-05-02T06:15:32.322+0000] {dag.py:2726} INFO - Sync 1 DAGs
[2023-05-02T06:15:32.362+0000] {logging_mixin.py:149} INFO - [2023-05-02T06:15:32.362+0000] {dag.py:3490} INFO - Setting next_dagrun for example_dag_basic to 2023-05-01T00:00:00+00:00, run_after=2023-05-02T00:00:00+00:00
[2023-05-02T06:15:32.402+0000] {processor.py:178} INFO - Processing /opt/airflow/dags/example_dag_basic.py took 0.137 seconds
[2023-05-02T06:16:02.512+0000] {processor.py:156} INFO - Started process (PID=1550) to work on /opt/airflow/dags/example_dag_basic.py
[2023-05-02T06:16:02.514+0000] {processor.py:799} INFO - Processing file /opt/airflow/dags/example_dag_basic.py for tasks to queue
[2023-05-02T06:16:02.517+0000] {logging_mixin.py:149} INFO - [2023-05-02T06:16:02.516+0000] {dagbag.py:541} INFO - Filling up the DagBag from /opt/airflow/dags/example_dag_basic.py
[2023-05-02T06:16:02.531+0000] {processor.py:809} INFO - DAG(s) dict_keys(['example_dag_basic']) retrieved from /opt/airflow/dags/example_dag_basic.py
[2023-05-02T06:16:02.563+0000] {logging_mixin.py:149} INFO - [2023-05-02T06:16:02.563+0000] {dag.py:2726} INFO - Sync 1 DAGs
[2023-05-02T06:16:02.594+0000] {logging_mixin.py:149} INFO - [2023-05-02T06:16:02.594+0000] {dag.py:3490} INFO - Setting next_dagrun for example_dag_basic to 2023-05-01T00:00:00+00:00, run_after=2023-05-02T00:00:00+00:00
[2023-05-02T06:16:02.620+0000] {processor.py:178} INFO - Processing /opt/airflow/dags/example_dag_basic.py took 0.120 seconds
[2023-05-02T06:16:32.670+0000] {processor.py:156} INFO - Started process (PID=1608) to work on /opt/airflow/dags/example_dag_basic.py
[2023-05-02T06:16:32.671+0000] {processor.py:799} INFO - Processing file /opt/airflow/dags/example_dag_basic.py for tasks to queue
[2023-05-02T06:16:32.673+0000] {logging_mixin.py:149} INFO - [2023-05-02T06:16:32.672+0000] {dagbag.py:541} INFO - Filling up the DagBag from /opt/airflow/dags/example_dag_basic.py
[2023-05-02T06:16:32.685+0000] {processor.py:809} INFO - DAG(s) dict_keys(['example_dag_basic']) retrieved from /opt/airflow/dags/example_dag_basic.py
[2023-05-02T06:16:32.712+0000] {logging_mixin.py:149} INFO - [2023-05-02T06:16:32.712+0000] {dag.py:2726} INFO - Sync 1 DAGs
[2023-05-02T06:16:32.748+0000] {logging_mixin.py:149} INFO - [2023-05-02T06:16:32.748+0000] {dag.py:3490} INFO - Setting next_dagrun for example_dag_basic to 2023-05-01T00:00:00+00:00, run_after=2023-05-02T00:00:00+00:00
[2023-05-02T06:16:32.773+0000] {processor.py:178} INFO - Processing /opt/airflow/dags/example_dag_basic.py took 0.108 seconds
