[2023-05-02T08:09:31.166+0000] {taskinstance.py:1125} INFO - Dependencies all met for dep_context=non-requeueable deps ti=<TaskInstance: prueba_tecnica.make_dir__1 scheduled__2023-05-01T00:30:00+00:00 [queued]>
[2023-05-02T08:09:31.182+0000] {taskinstance.py:1125} INFO - Dependencies all met for dep_context=requeueable deps ti=<TaskInstance: prueba_tecnica.make_dir__1 scheduled__2023-05-01T00:30:00+00:00 [queued]>
[2023-05-02T08:09:31.182+0000] {taskinstance.py:1331} INFO - Starting attempt 1 of 1
[2023-05-02T08:09:31.203+0000] {taskinstance.py:1350} INFO - Executing <Task(_PythonDecoratedOperator): make_dir__1> on 2023-05-01 00:30:00+00:00
[2023-05-02T08:09:31.210+0000] {standard_task_runner.py:57} INFO - Started process 92 to run task
[2023-05-02T08:09:31.220+0000] {standard_task_runner.py:84} INFO - Running: ['***', 'tasks', 'run', 'prueba_tecnica', 'make_dir__1', 'scheduled__2023-05-01T00:30:00+00:00', '--job-id', '39', '--raw', '--subdir', 'DAGS_FOLDER/data_process/prueba/Prueba_Tecnica.py', '--cfg-path', '/tmp/tmp2xf1tgt9']
[2023-05-02T08:09:31.221+0000] {standard_task_runner.py:85} INFO - Job 39: Subtask make_dir__1
[2023-05-02T08:09:31.338+0000] {task_command.py:410} INFO - Running <TaskInstance: prueba_tecnica.make_dir__1 scheduled__2023-05-01T00:30:00+00:00 [running]> on host b9dbbc7de3fe
[2023-05-02T08:09:31.457+0000] {taskinstance.py:1568} INFO - Exporting env vars: AIRFLOW_CTX_DAG_OWNER='loliveros' AIRFLOW_CTX_DAG_ID='prueba_tecnica' AIRFLOW_CTX_TASK_ID='make_dir__1' AIRFLOW_CTX_EXECUTION_DATE='2023-05-01T00:30:00+00:00' AIRFLOW_CTX_TRY_NUMBER='1' AIRFLOW_CTX_DAG_RUN_ID='scheduled__2023-05-01T00:30:00+00:00'
[2023-05-02T08:09:31.464+0000] {python.py:183} INFO - Done. Returned value was: None
[2023-05-02T08:09:31.482+0000] {taskinstance.py:1368} INFO - Marking task as SUCCESS. dag_id=prueba_tecnica, task_id=make_dir__1, execution_date=20230501T003000, start_date=20230502T080931, end_date=20230502T080931
[2023-05-02T08:09:31.514+0000] {local_task_job_runner.py:232} INFO - Task exited with return code 0
[2023-05-02T08:09:31.584+0000] {taskinstance.py:2674} INFO - 0 downstream tasks scheduled from follow-on schedule check
[2023-05-02T08:25:01.332+0000] {taskinstance.py:1087} INFO - Dependencies all met for <TaskInstance: prueba_tecnica.make_dir__1 scheduled__2023-05-01T00:30:00+00:00 [queued]>
[2023-05-02T08:25:01.349+0000] {taskinstance.py:1087} INFO - Dependencies all met for <TaskInstance: prueba_tecnica.make_dir__1 scheduled__2023-05-01T00:30:00+00:00 [queued]>
[2023-05-02T08:25:01.349+0000] {taskinstance.py:1283} INFO - 
--------------------------------------------------------------------------------
[2023-05-02T08:25:01.349+0000] {taskinstance.py:1284} INFO - Starting attempt 1 of 1
[2023-05-02T08:25:01.350+0000] {taskinstance.py:1285} INFO - 
--------------------------------------------------------------------------------
[2023-05-02T08:25:01.375+0000] {taskinstance.py:1304} INFO - Executing <Task(_PythonDecoratedOperator): make_dir__1> on 2023-05-01 00:30:00+00:00
[2023-05-02T08:25:01.384+0000] {standard_task_runner.py:55} INFO - Started process 138 to run task
[2023-05-02T08:25:01.391+0000] {standard_task_runner.py:82} INFO - Running: ['***', 'tasks', 'run', 'prueba_tecnica', 'make_dir__1', 'scheduled__2023-05-01T00:30:00+00:00', '--job-id', '6', '--raw', '--subdir', 'DAGS_FOLDER/data_process/prueba/Prueba_Tecnica.py', '--cfg-path', '/tmp/tmptf09af3a']
[2023-05-02T08:25:01.392+0000] {standard_task_runner.py:83} INFO - Job 6: Subtask make_dir__1
[2023-05-02T08:25:01.479+0000] {task_command.py:389} INFO - Running <TaskInstance: prueba_tecnica.make_dir__1 scheduled__2023-05-01T00:30:00+00:00 [running]> on host fc43d9cc2362
[2023-05-02T08:25:01.848+0000] {taskinstance.py:1511} INFO - Exporting the following env vars:
AIRFLOW_CTX_DAG_OWNER=loliveros
AIRFLOW_CTX_DAG_ID=prueba_tecnica
AIRFLOW_CTX_TASK_ID=make_dir__1
AIRFLOW_CTX_EXECUTION_DATE=2023-05-01T00:30:00+00:00
AIRFLOW_CTX_TRY_NUMBER=1
AIRFLOW_CTX_DAG_RUN_ID=scheduled__2023-05-01T00:30:00+00:00
[2023-05-02T08:25:01.851+0000] {python.py:177} INFO - Done. Returned value was: None
[2023-05-02T08:25:01.862+0000] {taskinstance.py:1322} INFO - Marking task as SUCCESS. dag_id=prueba_tecnica, task_id=make_dir__1, execution_date=20230501T003000, start_date=20230502T082501, end_date=20230502T082501
[2023-05-02T08:25:01.923+0000] {local_task_job.py:159} INFO - Task exited with return code 0
[2023-05-02T08:25:01.964+0000] {taskinstance.py:2582} INFO - 0 downstream tasks scheduled from follow-on schedule check
