[2023-05-02T08:46:37.332+0000] {taskinstance.py:1087} INFO - Dependencies all met for <TaskInstance: prueba_tecnica.delete_container manual__2023-05-02T08:46:35.944044+00:00 [queued]>
[2023-05-02T08:46:37.343+0000] {taskinstance.py:1087} INFO - Dependencies all met for <TaskInstance: prueba_tecnica.delete_container manual__2023-05-02T08:46:35.944044+00:00 [queued]>
[2023-05-02T08:46:37.343+0000] {taskinstance.py:1283} INFO - 
--------------------------------------------------------------------------------
[2023-05-02T08:46:37.344+0000] {taskinstance.py:1284} INFO - Starting attempt 1 of 1
[2023-05-02T08:46:37.344+0000] {taskinstance.py:1285} INFO - 
--------------------------------------------------------------------------------
[2023-05-02T08:46:37.358+0000] {taskinstance.py:1304} INFO - Executing <Task(_PythonDecoratedOperator): delete_container> on 2023-05-02 08:46:35.944044+00:00
[2023-05-02T08:46:37.365+0000] {standard_task_runner.py:55} INFO - Started process 623 to run task
[2023-05-02T08:46:37.369+0000] {standard_task_runner.py:82} INFO - Running: ['***', 'tasks', 'run', 'prueba_tecnica', 'delete_container', 'manual__2023-05-02T08:46:35.944044+00:00', '--job-id', '30', '--raw', '--subdir', 'DAGS_FOLDER/data_process/prueba/Prueba_Tecnica.py', '--cfg-path', '/tmp/tmpgcr8rdj3']
[2023-05-02T08:46:37.369+0000] {standard_task_runner.py:83} INFO - Job 30: Subtask delete_container
[2023-05-02T08:46:37.440+0000] {task_command.py:389} INFO - Running <TaskInstance: prueba_tecnica.delete_container manual__2023-05-02T08:46:35.944044+00:00 [running]> on host fc43d9cc2362
[2023-05-02T08:46:37.507+0000] {taskinstance.py:1511} INFO - Exporting the following env vars:
AIRFLOW_CTX_DAG_OWNER=loliveros
AIRFLOW_CTX_DAG_ID=prueba_tecnica
AIRFLOW_CTX_TASK_ID=delete_container
AIRFLOW_CTX_EXECUTION_DATE=2023-05-02T08:46:35.944044+00:00
AIRFLOW_CTX_TRY_NUMBER=1
AIRFLOW_CTX_DAG_RUN_ID=manual__2023-05-02T08:46:35.944044+00:00
[2023-05-02T08:46:37.529+0000] {python.py:177} INFO - Done. Returned value was: None
[2023-05-02T08:46:37.541+0000] {taskinstance.py:1322} INFO - Marking task as SUCCESS. dag_id=prueba_tecnica, task_id=delete_container, execution_date=20230502T084635, start_date=20230502T084637, end_date=20230502T084637
[2023-05-02T08:46:37.581+0000] {local_task_job.py:159} INFO - Task exited with return code 0
[2023-05-02T08:46:37.635+0000] {taskinstance.py:2582} INFO - 4 downstream tasks scheduled from follow-on schedule check
