[2023-05-02T08:43:46.042+0000] {taskinstance.py:1087} INFO - Dependencies all met for <TaskInstance: prueba_tecnica.transform_data manual__2023-05-02T08:43:34.737188+00:00 map_index=0 [queued]>
[2023-05-02T08:43:46.069+0000] {taskinstance.py:1087} INFO - Dependencies all met for <TaskInstance: prueba_tecnica.transform_data manual__2023-05-02T08:43:34.737188+00:00 map_index=0 [queued]>
[2023-05-02T08:43:46.069+0000] {taskinstance.py:1283} INFO - 
--------------------------------------------------------------------------------
[2023-05-02T08:43:46.071+0000] {taskinstance.py:1284} INFO - Starting attempt 1 of 1
[2023-05-02T08:43:46.072+0000] {taskinstance.py:1285} INFO - 
--------------------------------------------------------------------------------
[2023-05-02T08:43:46.099+0000] {taskinstance.py:1304} INFO - Executing <Mapped(_PythonDecoratedOperator): transform_data> on 2023-05-02 08:43:34.737188+00:00
[2023-05-02T08:43:46.116+0000] {standard_task_runner.py:55} INFO - Started process 568 to run task
[2023-05-02T08:43:46.129+0000] {standard_task_runner.py:82} INFO - Running: ['***', 'tasks', 'run', 'prueba_tecnica', 'transform_data', 'manual__2023-05-02T08:43:34.737188+00:00', '--job-id', '27', '--raw', '--subdir', 'DAGS_FOLDER/data_process/prueba/Prueba_Tecnica.py', '--cfg-path', '/tmp/tmphb6v16ag', '--map-index', '0']
[2023-05-02T08:43:46.130+0000] {standard_task_runner.py:83} INFO - Job 27: Subtask transform_data
[2023-05-02T08:43:46.252+0000] {task_command.py:389} INFO - Running <TaskInstance: prueba_tecnica.transform_data manual__2023-05-02T08:43:34.737188+00:00 map_index=0 [running]> on host fc43d9cc2362
[2023-05-02T08:43:46.350+0000] {taskinstance.py:1511} INFO - Exporting the following env vars:
AIRFLOW_CTX_DAG_OWNER=loliveros
AIRFLOW_CTX_DAG_ID=prueba_tecnica
AIRFLOW_CTX_TASK_ID=transform_data
AIRFLOW_CTX_EXECUTION_DATE=2023-05-02T08:43:34.737188+00:00
AIRFLOW_CTX_TRY_NUMBER=1
AIRFLOW_CTX_DAG_RUN_ID=manual__2023-05-02T08:43:34.737188+00:00
[2023-05-02T08:43:46.356+0000] {Prueba_Tecnica.py:105} INFO - File path: /tmp/prueba_tecnica/data/raw/collisions_20230502.csv and file path dest: /tmp/prueba_tecnica/data/stage
[2023-05-02T08:43:47.870+0000] {warnings.py:109} WARNING - /opt/***/dags/data_process/prueba/utils/general_utils.py:24: DtypeWarning: Columns (27) have mixed types. Specify dtype option on import or set low_memory=False.
  df = pd.read_csv(file_path, sep = sep, encoding = encoding, header = header)

[2023-05-02T08:43:48.241+0000] {Prueba_Tecnica.py:119} INFO - Files downloaded: ['/tmp/prueba_tecnica/data/stage/collisions_20230502.csv']
[2023-05-02T08:43:48.276+0000] {python.py:177} INFO - Done. Returned value was: None
[2023-05-02T08:43:48.287+0000] {taskinstance.py:1322} INFO - Marking task as SUCCESS. dag_id=prueba_tecnica, task_id=transform_data, map_index=0, execution_date=20230502T084334, start_date=20230502T084346, end_date=20230502T084348
[2023-05-02T08:43:48.346+0000] {local_task_job.py:159} INFO - Task exited with return code 0
[2023-05-02T08:43:48.361+0000] {taskinstance.py:2582} INFO - 0 downstream tasks scheduled from follow-on schedule check
