[2023-05-02T17:24:09.075+0000] {taskinstance.py:1087} INFO - Dependencies all met for <TaskInstance: prueba_tecnica.delete_container manual__2023-05-02T17:24:07.621819+00:00 [queued]>
[2023-05-02T17:24:09.085+0000] {taskinstance.py:1087} INFO - Dependencies all met for <TaskInstance: prueba_tecnica.delete_container manual__2023-05-02T17:24:07.621819+00:00 [queued]>
[2023-05-02T17:24:09.085+0000] {taskinstance.py:1283} INFO - 
--------------------------------------------------------------------------------
[2023-05-02T17:24:09.085+0000] {taskinstance.py:1284} INFO - Starting attempt 1 of 1
[2023-05-02T17:24:09.086+0000] {taskinstance.py:1285} INFO - 
--------------------------------------------------------------------------------
[2023-05-02T17:24:09.100+0000] {taskinstance.py:1304} INFO - Executing <Task(_PythonDecoratedOperator): delete_container> on 2023-05-02 17:24:07.621819+00:00
[2023-05-02T17:24:09.108+0000] {standard_task_runner.py:55} INFO - Started process 983 to run task
[2023-05-02T17:24:09.114+0000] {standard_task_runner.py:82} INFO - Running: ['***', 'tasks', 'run', 'prueba_tecnica', 'delete_container', 'manual__2023-05-02T17:24:07.621819+00:00', '--job-id', '53', '--raw', '--subdir', 'DAGS_FOLDER/data_process/prueba/Prueba_Tecnica.py', '--cfg-path', '/tmp/tmp0nazfzt9']
[2023-05-02T17:24:09.114+0000] {standard_task_runner.py:83} INFO - Job 53: Subtask delete_container
[2023-05-02T17:24:09.189+0000] {task_command.py:389} INFO - Running <TaskInstance: prueba_tecnica.delete_container manual__2023-05-02T17:24:07.621819+00:00 [running]> on host bb7d79814ac7
[2023-05-02T17:24:09.254+0000] {taskinstance.py:1511} INFO - Exporting the following env vars:
AIRFLOW_CTX_DAG_OWNER=loliveros
AIRFLOW_CTX_DAG_ID=prueba_tecnica
AIRFLOW_CTX_TASK_ID=delete_container
AIRFLOW_CTX_EXECUTION_DATE=2023-05-02T17:24:07.621819+00:00
AIRFLOW_CTX_TRY_NUMBER=1
AIRFLOW_CTX_DAG_RUN_ID=manual__2023-05-02T17:24:07.621819+00:00
[2023-05-02T17:24:09.277+0000] {python.py:177} INFO - Done. Returned value was: None
[2023-05-02T17:24:09.289+0000] {taskinstance.py:1322} INFO - Marking task as SUCCESS. dag_id=prueba_tecnica, task_id=delete_container, execution_date=20230502T172407, start_date=20230502T172409, end_date=20230502T172409
[2023-05-02T17:24:09.325+0000] {local_task_job.py:159} INFO - Task exited with return code 0
[2023-05-02T17:24:09.361+0000] {taskinstance.py:2582} INFO - 4 downstream tasks scheduled from follow-on schedule check
