[2023-05-02T17:40:07.708+0000] {taskinstance.py:1087} INFO - Dependencies all met for <TaskInstance: prueba_tecnica.download_files_url manual__2023-05-02T17:40:02.106305+00:00 map_index=0 [queued]>
[2023-05-02T17:40:07.719+0000] {taskinstance.py:1087} INFO - Dependencies all met for <TaskInstance: prueba_tecnica.download_files_url manual__2023-05-02T17:40:02.106305+00:00 map_index=0 [queued]>
[2023-05-02T17:40:07.719+0000] {taskinstance.py:1283} INFO - 
--------------------------------------------------------------------------------
[2023-05-02T17:40:07.720+0000] {taskinstance.py:1284} INFO - Starting attempt 1 of 3
[2023-05-02T17:40:07.720+0000] {taskinstance.py:1285} INFO - 
--------------------------------------------------------------------------------
[2023-05-02T17:40:07.735+0000] {taskinstance.py:1304} INFO - Executing <Mapped(_PythonDecoratedOperator): download_files_url> on 2023-05-02 17:40:02.106305+00:00
[2023-05-02T17:40:07.744+0000] {standard_task_runner.py:55} INFO - Started process 1396 to run task
[2023-05-02T17:40:07.749+0000] {standard_task_runner.py:82} INFO - Running: ['***', 'tasks', 'run', 'prueba_tecnica', 'download_files_url', 'manual__2023-05-02T17:40:02.106305+00:00', '--job-id', '89', '--raw', '--subdir', 'DAGS_FOLDER/data_process/prueba/Prueba_Tecnica.py', '--cfg-path', '/tmp/tmpq24jjeid', '--map-index', '0']
[2023-05-02T17:40:07.750+0000] {standard_task_runner.py:83} INFO - Job 89: Subtask download_files_url
[2023-05-02T17:40:07.828+0000] {task_command.py:389} INFO - Running <TaskInstance: prueba_tecnica.download_files_url manual__2023-05-02T17:40:02.106305+00:00 map_index=0 [running]> on host bb7d79814ac7
[2023-05-02T17:40:07.898+0000] {taskinstance.py:1511} INFO - Exporting the following env vars:
AIRFLOW_CTX_DAG_OWNER=loliveros
AIRFLOW_CTX_DAG_ID=prueba_tecnica
AIRFLOW_CTX_TASK_ID=download_files_url
AIRFLOW_CTX_EXECUTION_DATE=2023-05-02T17:40:02.106305+00:00
AIRFLOW_CTX_TRY_NUMBER=1
AIRFLOW_CTX_DAG_RUN_ID=manual__2023-05-02T17:40:02.106305+00:00
[2023-05-02T17:40:07.899+0000] {Prueba_Tecnica.py:84} INFO - json params: {'url_csv': 'https://docs.google.com/spreadsheets/export?id=1nOEm6C883Oi5ZetmrXoI4ENseXb5NDYmu9hTk_jw8Pk&exportFormat=csv', 'filename_dest': 'Traffic_Flow_Map_Volumes20230502'} and folder dir: /tmp/prueba_tecnica/data/raw
[2023-05-02T17:40:08.918+0000] {Prueba_Tecnica.py:96} INFO - Files downloaded: ['/tmp/prueba_tecnica/data/raw/Traffic_Flow_Map_Volumes20230502.csv']
[2023-05-02T17:40:08.920+0000] {Prueba_Tecnica.py:98} INFO - num workers: 6
[2023-05-02T17:40:08.921+0000] {python.py:177} INFO - Done. Returned value was: None
[2023-05-02T17:40:08.936+0000] {taskinstance.py:1322} INFO - Marking task as SUCCESS. dag_id=prueba_tecnica, task_id=download_files_url, map_index=0, execution_date=20230502T174002, start_date=20230502T174007, end_date=20230502T174008
[2023-05-02T17:40:09.008+0000] {local_task_job.py:159} INFO - Task exited with return code 0
[2023-05-02T17:40:09.043+0000] {taskinstance.py:2582} INFO - 0 downstream tasks scheduled from follow-on schedule check
