[2023-05-02T17:31:47.860+0000] {taskinstance.py:1087} INFO - Dependencies all met for <TaskInstance: prueba_tecnica.make_dir__3 manual__2023-05-02T17:31:44.654998+00:00 [queued]>
[2023-05-02T17:31:47.883+0000] {taskinstance.py:1087} INFO - Dependencies all met for <TaskInstance: prueba_tecnica.make_dir__3 manual__2023-05-02T17:31:44.654998+00:00 [queued]>
[2023-05-02T17:31:47.885+0000] {taskinstance.py:1283} INFO - 
--------------------------------------------------------------------------------
[2023-05-02T17:31:47.886+0000] {taskinstance.py:1284} INFO - Starting attempt 1 of 3
[2023-05-02T17:31:47.888+0000] {taskinstance.py:1285} INFO - 
--------------------------------------------------------------------------------
[2023-05-02T17:31:47.920+0000] {taskinstance.py:1304} INFO - Executing <Task(_PythonDecoratedOperator): make_dir__3> on 2023-05-02 17:31:44.654998+00:00
[2023-05-02T17:31:47.941+0000] {standard_task_runner.py:55} INFO - Started process 1174 to run task
[2023-05-02T17:31:47.959+0000] {standard_task_runner.py:82} INFO - Running: ['***', 'tasks', 'run', 'prueba_tecnica', 'make_dir__3', 'manual__2023-05-02T17:31:44.654998+00:00', '--job-id', '67', '--raw', '--subdir', 'DAGS_FOLDER/data_process/prueba/Prueba_Tecnica.py', '--cfg-path', '/tmp/tmpp4fo96vn']
[2023-05-02T17:31:47.968+0000] {standard_task_runner.py:83} INFO - Job 67: Subtask make_dir__3
[2023-05-02T17:31:48.152+0000] {task_command.py:389} INFO - Running <TaskInstance: prueba_tecnica.make_dir__3 manual__2023-05-02T17:31:44.654998+00:00 [running]> on host bb7d79814ac7
[2023-05-02T17:31:48.255+0000] {taskinstance.py:1511} INFO - Exporting the following env vars:
AIRFLOW_CTX_DAG_OWNER=loliveros
AIRFLOW_CTX_DAG_ID=prueba_tecnica
AIRFLOW_CTX_TASK_ID=make_dir__3
AIRFLOW_CTX_EXECUTION_DATE=2023-05-02T17:31:44.654998+00:00
AIRFLOW_CTX_TRY_NUMBER=1
AIRFLOW_CTX_DAG_RUN_ID=manual__2023-05-02T17:31:44.654998+00:00
[2023-05-02T17:31:48.259+0000] {python.py:177} INFO - Done. Returned value was: None
[2023-05-02T17:31:48.278+0000] {taskinstance.py:1322} INFO - Marking task as SUCCESS. dag_id=prueba_tecnica, task_id=make_dir__3, execution_date=20230502T173144, start_date=20230502T173147, end_date=20230502T173148
[2023-05-02T17:31:48.345+0000] {local_task_job.py:159} INFO - Task exited with return code 0
[2023-05-02T17:31:48.457+0000] {taskinstance.py:2582} INFO - 0 downstream tasks scheduled from follow-on schedule check
