[2023-05-02T17:24:12.809+0000] {taskinstance.py:1087} INFO - Dependencies all met for <TaskInstance: prueba_tecnica.download_files_url manual__2023-05-02T17:24:07.621819+00:00 map_index=0 [queued]>
[2023-05-02T17:24:12.821+0000] {taskinstance.py:1087} INFO - Dependencies all met for <TaskInstance: prueba_tecnica.download_files_url manual__2023-05-02T17:24:07.621819+00:00 map_index=0 [queued]>
[2023-05-02T17:24:12.822+0000] {taskinstance.py:1283} INFO - 
--------------------------------------------------------------------------------
[2023-05-02T17:24:12.822+0000] {taskinstance.py:1284} INFO - Starting attempt 1 of 1
[2023-05-02T17:24:12.822+0000] {taskinstance.py:1285} INFO - 
--------------------------------------------------------------------------------
[2023-05-02T17:24:12.838+0000] {taskinstance.py:1304} INFO - Executing <Mapped(_PythonDecoratedOperator): download_files_url> on 2023-05-02 17:24:07.621819+00:00
[2023-05-02T17:24:12.845+0000] {standard_task_runner.py:55} INFO - Started process 1000 to run task
[2023-05-02T17:24:12.849+0000] {standard_task_runner.py:82} INFO - Running: ['***', 'tasks', 'run', 'prueba_tecnica', 'download_files_url', 'manual__2023-05-02T17:24:07.621819+00:00', '--job-id', '58', '--raw', '--subdir', 'DAGS_FOLDER/data_process/prueba/Prueba_Tecnica.py', '--cfg-path', '/tmp/tmp8g2mdz7d', '--map-index', '0']
[2023-05-02T17:24:12.850+0000] {standard_task_runner.py:83} INFO - Job 58: Subtask download_files_url
[2023-05-02T17:24:12.924+0000] {task_command.py:389} INFO - Running <TaskInstance: prueba_tecnica.download_files_url manual__2023-05-02T17:24:07.621819+00:00 map_index=0 [running]> on host bb7d79814ac7
[2023-05-02T17:24:13.002+0000] {taskinstance.py:1511} INFO - Exporting the following env vars:
AIRFLOW_CTX_DAG_OWNER=loliveros
AIRFLOW_CTX_DAG_ID=prueba_tecnica
AIRFLOW_CTX_TASK_ID=download_files_url
AIRFLOW_CTX_EXECUTION_DATE=2023-05-02T17:24:07.621819+00:00
AIRFLOW_CTX_TRY_NUMBER=1
AIRFLOW_CTX_DAG_RUN_ID=manual__2023-05-02T17:24:07.621819+00:00
[2023-05-02T17:24:13.004+0000] {Prueba_Tecnica.py:84} INFO - json params: {'url_csv': 'https://docs.google.com/spreadsheets/export?id=1nOEm6C883Oi5ZetmrXoI4ENseXb5NDYmu9hTk_jw8Pk&exportFormat=csv', 'filename_dest': 'Traffic_Flow_Map_Volumes20230502'} and folder dir: /tmp/prueba_tecnica/data/raw
[2023-05-02T17:24:14.275+0000] {Prueba_Tecnica.py:96} INFO - Files downloaded: ['/tmp/prueba_tecnica/data/raw/Traffic_Flow_Map_Volumes20230502.csv', '/tmp/prueba_tecnica/data/raw/collisions_20230502.csv']
[2023-05-02T17:24:14.277+0000] {Prueba_Tecnica.py:98} INFO - num workers: 6
[2023-05-02T17:24:14.278+0000] {python.py:177} INFO - Done. Returned value was: None
[2023-05-02T17:24:14.312+0000] {taskinstance.py:1322} INFO - Marking task as SUCCESS. dag_id=prueba_tecnica, task_id=download_files_url, map_index=0, execution_date=20230502T172407, start_date=20230502T172412, end_date=20230502T172414
[2023-05-02T17:24:14.386+0000] {local_task_job.py:159} INFO - Task exited with return code 0
[2023-05-02T17:24:14.452+0000] {taskinstance.py:2582} INFO - 0 downstream tasks scheduled from follow-on schedule check
