[2023-05-02T08:46:43.106+0000] {taskinstance.py:1087} INFO - Dependencies all met for <TaskInstance: prueba_tecnica.make_dir__3 manual__2023-05-02T08:46:35.944044+00:00 [queued]>
[2023-05-02T08:46:43.117+0000] {taskinstance.py:1087} INFO - Dependencies all met for <TaskInstance: prueba_tecnica.make_dir__3 manual__2023-05-02T08:46:35.944044+00:00 [queued]>
[2023-05-02T08:46:43.118+0000] {taskinstance.py:1283} INFO - 
--------------------------------------------------------------------------------
[2023-05-02T08:46:43.119+0000] {taskinstance.py:1284} INFO - Starting attempt 1 of 1
[2023-05-02T08:46:43.120+0000] {taskinstance.py:1285} INFO - 
--------------------------------------------------------------------------------
[2023-05-02T08:46:43.134+0000] {taskinstance.py:1304} INFO - Executing <Task(_PythonDecoratedOperator): make_dir__3> on 2023-05-02 08:46:35.944044+00:00
[2023-05-02T08:46:43.144+0000] {standard_task_runner.py:55} INFO - Started process 635 to run task
[2023-05-02T08:46:43.149+0000] {standard_task_runner.py:82} INFO - Running: ['***', 'tasks', 'run', 'prueba_tecnica', 'make_dir__3', 'manual__2023-05-02T08:46:35.944044+00:00', '--job-id', '34', '--raw', '--subdir', 'DAGS_FOLDER/data_process/prueba/Prueba_Tecnica.py', '--cfg-path', '/tmp/tmpe0cnbq6e']
[2023-05-02T08:46:43.149+0000] {standard_task_runner.py:83} INFO - Job 34: Subtask make_dir__3
[2023-05-02T08:46:43.239+0000] {task_command.py:389} INFO - Running <TaskInstance: prueba_tecnica.make_dir__3 manual__2023-05-02T08:46:35.944044+00:00 [running]> on host fc43d9cc2362
[2023-05-02T08:46:43.312+0000] {taskinstance.py:1511} INFO - Exporting the following env vars:
AIRFLOW_CTX_DAG_OWNER=loliveros
AIRFLOW_CTX_DAG_ID=prueba_tecnica
AIRFLOW_CTX_TASK_ID=make_dir__3
AIRFLOW_CTX_EXECUTION_DATE=2023-05-02T08:46:35.944044+00:00
AIRFLOW_CTX_TRY_NUMBER=1
AIRFLOW_CTX_DAG_RUN_ID=manual__2023-05-02T08:46:35.944044+00:00
[2023-05-02T08:46:43.313+0000] {python.py:177} INFO - Done. Returned value was: None
[2023-05-02T08:46:43.326+0000] {taskinstance.py:1322} INFO - Marking task as SUCCESS. dag_id=prueba_tecnica, task_id=make_dir__3, execution_date=20230502T084635, start_date=20230502T084643, end_date=20230502T084643
[2023-05-02T08:46:43.360+0000] {local_task_job.py:159} INFO - Task exited with return code 0
[2023-05-02T08:46:43.391+0000] {taskinstance.py:2582} INFO - 1 downstream tasks scheduled from follow-on schedule check
