[2023-05-02T08:50:33.868+0000] {taskinstance.py:1087} INFO - Dependencies all met for <TaskInstance: prueba_tecnica.transform_data manual__2023-05-02T08:50:22.789396+00:00 map_index=4 [queued]>
[2023-05-02T08:50:33.895+0000] {taskinstance.py:1087} INFO - Dependencies all met for <TaskInstance: prueba_tecnica.transform_data manual__2023-05-02T08:50:22.789396+00:00 map_index=4 [queued]>
[2023-05-02T08:50:33.896+0000] {taskinstance.py:1283} INFO - 
--------------------------------------------------------------------------------
[2023-05-02T08:50:33.896+0000] {taskinstance.py:1284} INFO - Starting attempt 1 of 1
[2023-05-02T08:50:33.900+0000] {taskinstance.py:1285} INFO - 
--------------------------------------------------------------------------------
[2023-05-02T08:50:33.954+0000] {taskinstance.py:1304} INFO - Executing <Mapped(_PythonDecoratedOperator): transform_data> on 2023-05-02 08:50:22.789396+00:00
[2023-05-02T08:50:33.965+0000] {standard_task_runner.py:55} INFO - Started process 783 to run task
[2023-05-02T08:50:33.973+0000] {standard_task_runner.py:82} INFO - Running: ['***', 'tasks', 'run', 'prueba_tecnica', 'transform_data', 'manual__2023-05-02T08:50:22.789396+00:00', '--job-id', '59', '--raw', '--subdir', 'DAGS_FOLDER/data_process/prueba/Prueba_Tecnica.py', '--cfg-path', '/tmp/tmpglyx35f1', '--map-index', '4']
[2023-05-02T08:50:33.979+0000] {standard_task_runner.py:83} INFO - Job 59: Subtask transform_data
[2023-05-02T08:50:34.144+0000] {task_command.py:389} INFO - Running <TaskInstance: prueba_tecnica.transform_data manual__2023-05-02T08:50:22.789396+00:00 map_index=4 [running]> on host fc43d9cc2362
[2023-05-02T08:50:34.241+0000] {taskinstance.py:1511} INFO - Exporting the following env vars:
AIRFLOW_CTX_DAG_OWNER=loliveros
AIRFLOW_CTX_DAG_ID=prueba_tecnica
AIRFLOW_CTX_TASK_ID=transform_data
AIRFLOW_CTX_EXECUTION_DATE=2023-05-02T08:50:22.789396+00:00
AIRFLOW_CTX_TRY_NUMBER=1
AIRFLOW_CTX_DAG_RUN_ID=manual__2023-05-02T08:50:22.789396+00:00
[2023-05-02T08:50:34.246+0000] {Prueba_Tecnica.py:102} INFO - Counter: 4 and dim list file path: 1
[2023-05-02T08:50:34.246+0000] {python.py:177} INFO - Done. Returned value was: None
[2023-05-02T08:50:34.286+0000] {taskinstance.py:1322} INFO - Marking task as SUCCESS. dag_id=prueba_tecnica, task_id=transform_data, map_index=4, execution_date=20230502T085022, start_date=20230502T085033, end_date=20230502T085034
[2023-05-02T08:50:34.354+0000] {local_task_job.py:159} INFO - Task exited with return code 0
[2023-05-02T08:50:34.397+0000] {taskinstance.py:2582} INFO - 0 downstream tasks scheduled from follow-on schedule check
