[2023-05-02T17:31:48.313+0000] {taskinstance.py:1087} INFO - Dependencies all met for <TaskInstance: prueba_tecnica.make_dir__2 manual__2023-05-02T17:31:44.654998+00:00 [queued]>
[2023-05-02T17:31:48.332+0000] {taskinstance.py:1087} INFO - Dependencies all met for <TaskInstance: prueba_tecnica.make_dir__2 manual__2023-05-02T17:31:44.654998+00:00 [queued]>
[2023-05-02T17:31:48.333+0000] {taskinstance.py:1283} INFO - 
--------------------------------------------------------------------------------
[2023-05-02T17:31:48.334+0000] {taskinstance.py:1284} INFO - Starting attempt 1 of 3
[2023-05-02T17:31:48.336+0000] {taskinstance.py:1285} INFO - 
--------------------------------------------------------------------------------
[2023-05-02T17:31:48.378+0000] {taskinstance.py:1304} INFO - Executing <Task(_PythonDecoratedOperator): make_dir__2> on 2023-05-02 17:31:44.654998+00:00
[2023-05-02T17:31:48.394+0000] {standard_task_runner.py:55} INFO - Started process 1176 to run task
[2023-05-02T17:31:48.416+0000] {standard_task_runner.py:82} INFO - Running: ['***', 'tasks', 'run', 'prueba_tecnica', 'make_dir__2', 'manual__2023-05-02T17:31:44.654998+00:00', '--job-id', '69', '--raw', '--subdir', 'DAGS_FOLDER/data_process/prueba/Prueba_Tecnica.py', '--cfg-path', '/tmp/tmpw2eohzta']
[2023-05-02T17:31:48.417+0000] {standard_task_runner.py:83} INFO - Job 69: Subtask make_dir__2
[2023-05-02T17:31:48.596+0000] {task_command.py:389} INFO - Running <TaskInstance: prueba_tecnica.make_dir__2 manual__2023-05-02T17:31:44.654998+00:00 [running]> on host bb7d79814ac7
[2023-05-02T17:31:48.710+0000] {taskinstance.py:1511} INFO - Exporting the following env vars:
AIRFLOW_CTX_DAG_OWNER=loliveros
AIRFLOW_CTX_DAG_ID=prueba_tecnica
AIRFLOW_CTX_TASK_ID=make_dir__2
AIRFLOW_CTX_EXECUTION_DATE=2023-05-02T17:31:44.654998+00:00
AIRFLOW_CTX_TRY_NUMBER=1
AIRFLOW_CTX_DAG_RUN_ID=manual__2023-05-02T17:31:44.654998+00:00
[2023-05-02T17:31:48.713+0000] {python.py:177} INFO - Done. Returned value was: None
[2023-05-02T17:31:48.735+0000] {taskinstance.py:1322} INFO - Marking task as SUCCESS. dag_id=prueba_tecnica, task_id=make_dir__2, execution_date=20230502T173144, start_date=20230502T173148, end_date=20230502T173148
[2023-05-02T17:31:48.782+0000] {local_task_job.py:159} INFO - Task exited with return code 0
[2023-05-02T17:31:48.836+0000] {taskinstance.py:2582} INFO - 0 downstream tasks scheduled from follow-on schedule check
