[2023-05-02T16:47:29.786+0000] {taskinstance.py:1087} INFO - Dependencies all met for <TaskInstance: prueba_tecnica.make_dir__3 manual__2023-05-02T16:46:03.841780+00:00 [queued]>
[2023-05-02T16:47:29.804+0000] {taskinstance.py:1087} INFO - Dependencies all met for <TaskInstance: prueba_tecnica.make_dir__3 manual__2023-05-02T16:46:03.841780+00:00 [queued]>
[2023-05-02T16:47:29.805+0000] {taskinstance.py:1283} INFO - 
--------------------------------------------------------------------------------
[2023-05-02T16:47:29.806+0000] {taskinstance.py:1284} INFO - Starting attempt 1 of 1
[2023-05-02T16:47:29.807+0000] {taskinstance.py:1285} INFO - 
--------------------------------------------------------------------------------
[2023-05-02T16:47:29.830+0000] {taskinstance.py:1304} INFO - Executing <Task(_PythonDecoratedOperator): make_dir__3> on 2023-05-02 16:46:03.841780+00:00
[2023-05-02T16:47:29.843+0000] {standard_task_runner.py:55} INFO - Started process 196 to run task
[2023-05-02T16:47:29.855+0000] {standard_task_runner.py:82} INFO - Running: ['***', 'tasks', 'run', 'prueba_tecnica', 'make_dir__3', 'manual__2023-05-02T16:46:03.841780+00:00', '--job-id', '21', '--raw', '--subdir', 'DAGS_FOLDER/data_process/prueba/Prueba_Tecnica.py', '--cfg-path', '/tmp/tmpeh39k9kq']
[2023-05-02T16:47:29.855+0000] {standard_task_runner.py:83} INFO - Job 21: Subtask make_dir__3
[2023-05-02T16:47:29.955+0000] {task_command.py:389} INFO - Running <TaskInstance: prueba_tecnica.make_dir__3 manual__2023-05-02T16:46:03.841780+00:00 [running]> on host bb7d79814ac7
[2023-05-02T16:47:30.046+0000] {taskinstance.py:1511} INFO - Exporting the following env vars:
AIRFLOW_CTX_DAG_OWNER=loliveros
AIRFLOW_CTX_DAG_ID=prueba_tecnica
AIRFLOW_CTX_TASK_ID=make_dir__3
AIRFLOW_CTX_EXECUTION_DATE=2023-05-02T16:46:03.841780+00:00
AIRFLOW_CTX_TRY_NUMBER=1
AIRFLOW_CTX_DAG_RUN_ID=manual__2023-05-02T16:46:03.841780+00:00
[2023-05-02T16:47:30.048+0000] {python.py:177} INFO - Done. Returned value was: None
[2023-05-02T16:47:30.065+0000] {taskinstance.py:1322} INFO - Marking task as SUCCESS. dag_id=prueba_tecnica, task_id=make_dir__3, execution_date=20230502T164603, start_date=20230502T164729, end_date=20230502T164730
[2023-05-02T16:47:30.103+0000] {local_task_job.py:159} INFO - Task exited with return code 0
[2023-05-02T16:47:30.150+0000] {taskinstance.py:2582} INFO - 0 downstream tasks scheduled from follow-on schedule check
