[2023-05-02T16:58:09.966+0000] {taskinstance.py:1087} INFO - Dependencies all met for <TaskInstance: prueba_tecnica.transform_data manual__2023-05-02T16:56:28.630897+00:00 map_index=5 [queued]>
[2023-05-02T16:58:09.992+0000] {taskinstance.py:1087} INFO - Dependencies all met for <TaskInstance: prueba_tecnica.transform_data manual__2023-05-02T16:56:28.630897+00:00 map_index=5 [queued]>
[2023-05-02T16:58:09.992+0000] {taskinstance.py:1283} INFO - 
--------------------------------------------------------------------------------
[2023-05-02T16:58:09.993+0000] {taskinstance.py:1284} INFO - Starting attempt 1 of 1
[2023-05-02T16:58:09.995+0000] {taskinstance.py:1285} INFO - 
--------------------------------------------------------------------------------
[2023-05-02T16:58:10.028+0000] {taskinstance.py:1304} INFO - Executing <Mapped(_PythonDecoratedOperator): transform_data> on 2023-05-02 16:56:28.630897+00:00
[2023-05-02T16:58:10.036+0000] {standard_task_runner.py:55} INFO - Started process 465 to run task
[2023-05-02T16:58:10.052+0000] {standard_task_runner.py:82} INFO - Running: ['***', 'tasks', 'run', 'prueba_tecnica', 'transform_data', 'manual__2023-05-02T16:56:28.630897+00:00', '--job-id', '44', '--raw', '--subdir', 'DAGS_FOLDER/data_process/prueba/Prueba_Tecnica.py', '--cfg-path', '/tmp/tmpt52kgkny', '--map-index', '5']
[2023-05-02T16:58:10.053+0000] {standard_task_runner.py:83} INFO - Job 44: Subtask transform_data
[2023-05-02T16:58:10.257+0000] {task_command.py:389} INFO - Running <TaskInstance: prueba_tecnica.transform_data manual__2023-05-02T16:56:28.630897+00:00 map_index=5 [running]> on host bb7d79814ac7
[2023-05-02T16:58:10.497+0000] {taskinstance.py:1511} INFO - Exporting the following env vars:
AIRFLOW_CTX_DAG_OWNER=loliveros
AIRFLOW_CTX_DAG_ID=prueba_tecnica
AIRFLOW_CTX_TASK_ID=transform_data
AIRFLOW_CTX_EXECUTION_DATE=2023-05-02T16:56:28.630897+00:00
AIRFLOW_CTX_TRY_NUMBER=1
AIRFLOW_CTX_DAG_RUN_ID=manual__2023-05-02T16:56:28.630897+00:00
[2023-05-02T16:58:10.503+0000] {Prueba_Tecnica.py:119} INFO - Counter: 5 and dim list file path: 2
[2023-05-02T16:58:10.509+0000] {python.py:177} INFO - Done. Returned value was: None
[2023-05-02T16:58:10.556+0000] {taskinstance.py:1322} INFO - Marking task as SUCCESS. dag_id=prueba_tecnica, task_id=transform_data, map_index=5, execution_date=20230502T165628, start_date=20230502T165809, end_date=20230502T165810
[2023-05-02T16:58:10.672+0000] {local_task_job.py:159} INFO - Task exited with return code 0
[2023-05-02T16:58:10.766+0000] {taskinstance.py:2582} INFO - 0 downstream tasks scheduled from follow-on schedule check
