[2023-05-02T16:56:32.011+0000] {taskinstance.py:1087} INFO - Dependencies all met for <TaskInstance: prueba_tecnica.make_dir manual__2023-05-02T16:56:28.630897+00:00 [queued]>
[2023-05-02T16:56:32.028+0000] {taskinstance.py:1087} INFO - Dependencies all met for <TaskInstance: prueba_tecnica.make_dir manual__2023-05-02T16:56:28.630897+00:00 [queued]>
[2023-05-02T16:56:32.028+0000] {taskinstance.py:1283} INFO - 
--------------------------------------------------------------------------------
[2023-05-02T16:56:32.029+0000] {taskinstance.py:1284} INFO - Starting attempt 1 of 1
[2023-05-02T16:56:32.029+0000] {taskinstance.py:1285} INFO - 
--------------------------------------------------------------------------------
[2023-05-02T16:56:32.052+0000] {taskinstance.py:1304} INFO - Executing <Task(_PythonDecoratedOperator): make_dir> on 2023-05-02 16:56:28.630897+00:00
[2023-05-02T16:56:32.064+0000] {standard_task_runner.py:55} INFO - Started process 410 to run task
[2023-05-02T16:56:32.072+0000] {standard_task_runner.py:82} INFO - Running: ['***', 'tasks', 'run', 'prueba_tecnica', 'make_dir', 'manual__2023-05-02T16:56:28.630897+00:00', '--job-id', '36', '--raw', '--subdir', 'DAGS_FOLDER/data_process/prueba/Prueba_Tecnica.py', '--cfg-path', '/tmp/tmppbjmkpy2']
[2023-05-02T16:56:32.073+0000] {standard_task_runner.py:83} INFO - Job 36: Subtask make_dir
[2023-05-02T16:56:32.171+0000] {task_command.py:389} INFO - Running <TaskInstance: prueba_tecnica.make_dir manual__2023-05-02T16:56:28.630897+00:00 [running]> on host bb7d79814ac7
[2023-05-02T16:56:32.276+0000] {taskinstance.py:1511} INFO - Exporting the following env vars:
AIRFLOW_CTX_DAG_OWNER=loliveros
AIRFLOW_CTX_DAG_ID=prueba_tecnica
AIRFLOW_CTX_TASK_ID=make_dir
AIRFLOW_CTX_EXECUTION_DATE=2023-05-02T16:56:28.630897+00:00
AIRFLOW_CTX_TRY_NUMBER=1
AIRFLOW_CTX_DAG_RUN_ID=manual__2023-05-02T16:56:28.630897+00:00
[2023-05-02T16:56:32.282+0000] {python.py:177} INFO - Done. Returned value was: None
[2023-05-02T16:56:32.298+0000] {taskinstance.py:1322} INFO - Marking task as SUCCESS. dag_id=prueba_tecnica, task_id=make_dir, execution_date=20230502T165628, start_date=20230502T165632, end_date=20230502T165632
[2023-05-02T16:56:32.364+0000] {local_task_job.py:159} INFO - Task exited with return code 0
[2023-05-02T16:56:32.462+0000] {taskinstance.py:2582} INFO - 0 downstream tasks scheduled from follow-on schedule check
