[2023-05-02T16:58:09.341+0000] {taskinstance.py:1087} INFO - Dependencies all met for <TaskInstance: prueba_tecnica.transform_data manual__2023-05-02T16:56:28.630897+00:00 map_index=2 [queued]>
[2023-05-02T16:58:09.372+0000] {taskinstance.py:1087} INFO - Dependencies all met for <TaskInstance: prueba_tecnica.transform_data manual__2023-05-02T16:56:28.630897+00:00 map_index=2 [queued]>
[2023-05-02T16:58:09.373+0000] {taskinstance.py:1283} INFO - 
--------------------------------------------------------------------------------
[2023-05-02T16:58:09.374+0000] {taskinstance.py:1284} INFO - Starting attempt 1 of 1
[2023-05-02T16:58:09.375+0000] {taskinstance.py:1285} INFO - 
--------------------------------------------------------------------------------
[2023-05-02T16:58:09.400+0000] {taskinstance.py:1304} INFO - Executing <Mapped(_PythonDecoratedOperator): transform_data> on 2023-05-02 16:56:28.630897+00:00
[2023-05-02T16:58:09.412+0000] {standard_task_runner.py:55} INFO - Started process 461 to run task
[2023-05-02T16:58:09.425+0000] {standard_task_runner.py:82} INFO - Running: ['***', 'tasks', 'run', 'prueba_tecnica', 'transform_data', 'manual__2023-05-02T16:56:28.630897+00:00', '--job-id', '40', '--raw', '--subdir', 'DAGS_FOLDER/data_process/prueba/Prueba_Tecnica.py', '--cfg-path', '/tmp/tmpmja8ynvf', '--map-index', '2']
[2023-05-02T16:58:09.437+0000] {standard_task_runner.py:83} INFO - Job 40: Subtask transform_data
[2023-05-02T16:58:09.590+0000] {task_command.py:389} INFO - Running <TaskInstance: prueba_tecnica.transform_data manual__2023-05-02T16:56:28.630897+00:00 map_index=2 [running]> on host bb7d79814ac7
[2023-05-02T16:58:09.723+0000] {taskinstance.py:1511} INFO - Exporting the following env vars:
AIRFLOW_CTX_DAG_OWNER=loliveros
AIRFLOW_CTX_DAG_ID=prueba_tecnica
AIRFLOW_CTX_TASK_ID=transform_data
AIRFLOW_CTX_EXECUTION_DATE=2023-05-02T16:56:28.630897+00:00
AIRFLOW_CTX_TRY_NUMBER=1
AIRFLOW_CTX_DAG_RUN_ID=manual__2023-05-02T16:56:28.630897+00:00
[2023-05-02T16:58:09.728+0000] {Prueba_Tecnica.py:119} INFO - Counter: 2 and dim list file path: 2
[2023-05-02T16:58:09.729+0000] {python.py:177} INFO - Done. Returned value was: None
[2023-05-02T16:58:09.750+0000] {taskinstance.py:1322} INFO - Marking task as SUCCESS. dag_id=prueba_tecnica, task_id=transform_data, map_index=2, execution_date=20230502T165628, start_date=20230502T165809, end_date=20230502T165809
[2023-05-02T16:58:09.852+0000] {local_task_job.py:159} INFO - Task exited with return code 0
[2023-05-02T16:58:09.916+0000] {taskinstance.py:2582} INFO - 0 downstream tasks scheduled from follow-on schedule check
