[2023-05-02T08:47:20.455+0000] {taskinstance.py:1087} INFO - Dependencies all met for <TaskInstance: prueba_tecnica.transform_data manual__2023-05-02T08:47:09.434431+00:00 map_index=3 [queued]>
[2023-05-02T08:47:20.489+0000] {taskinstance.py:1087} INFO - Dependencies all met for <TaskInstance: prueba_tecnica.transform_data manual__2023-05-02T08:47:09.434431+00:00 map_index=3 [queued]>
[2023-05-02T08:47:20.490+0000] {taskinstance.py:1283} INFO - 
--------------------------------------------------------------------------------
[2023-05-02T08:47:20.495+0000] {taskinstance.py:1284} INFO - Starting attempt 1 of 1
[2023-05-02T08:47:20.497+0000] {taskinstance.py:1285} INFO - 
--------------------------------------------------------------------------------
[2023-05-02T08:47:20.533+0000] {taskinstance.py:1304} INFO - Executing <Mapped(_PythonDecoratedOperator): transform_data> on 2023-05-02 08:47:09.434431+00:00
[2023-05-02T08:47:20.543+0000] {standard_task_runner.py:55} INFO - Started process 684 to run task
[2023-05-02T08:47:20.553+0000] {standard_task_runner.py:82} INFO - Running: ['***', 'tasks', 'run', 'prueba_tecnica', 'transform_data', 'manual__2023-05-02T08:47:09.434431+00:00', '--job-id', '45', '--raw', '--subdir', 'DAGS_FOLDER/data_process/prueba/Prueba_Tecnica.py', '--cfg-path', '/tmp/tmpovw52nsa', '--map-index', '3']
[2023-05-02T08:47:20.555+0000] {standard_task_runner.py:83} INFO - Job 45: Subtask transform_data
[2023-05-02T08:47:20.742+0000] {task_command.py:389} INFO - Running <TaskInstance: prueba_tecnica.transform_data manual__2023-05-02T08:47:09.434431+00:00 map_index=3 [running]> on host fc43d9cc2362
[2023-05-02T08:47:20.936+0000] {taskinstance.py:1511} INFO - Exporting the following env vars:
AIRFLOW_CTX_DAG_OWNER=loliveros
AIRFLOW_CTX_DAG_ID=prueba_tecnica
AIRFLOW_CTX_TASK_ID=transform_data
AIRFLOW_CTX_EXECUTION_DATE=2023-05-02T08:47:09.434431+00:00
AIRFLOW_CTX_TRY_NUMBER=1
AIRFLOW_CTX_DAG_RUN_ID=manual__2023-05-02T08:47:09.434431+00:00
[2023-05-02T08:47:20.937+0000] {python.py:177} INFO - Done. Returned value was: None
[2023-05-02T08:47:20.965+0000] {taskinstance.py:1322} INFO - Marking task as SUCCESS. dag_id=prueba_tecnica, task_id=transform_data, map_index=3, execution_date=20230502T084709, start_date=20230502T084720, end_date=20230502T084720
[2023-05-02T08:47:21.044+0000] {local_task_job.py:159} INFO - Task exited with return code 0
[2023-05-02T08:47:21.079+0000] {taskinstance.py:2582} INFO - 0 downstream tasks scheduled from follow-on schedule check
