[2023-05-02T09:19:34.497+0000] {taskinstance.py:1087} INFO - Dependencies all met for <TaskInstance: prueba_tecnica.download_files_url manual__2023-05-02T09:19:29.721076+00:00 [queued]>
[2023-05-02T09:19:34.508+0000] {taskinstance.py:1087} INFO - Dependencies all met for <TaskInstance: prueba_tecnica.download_files_url manual__2023-05-02T09:19:29.721076+00:00 [queued]>
[2023-05-02T09:19:34.509+0000] {taskinstance.py:1283} INFO - 
--------------------------------------------------------------------------------
[2023-05-02T09:19:34.509+0000] {taskinstance.py:1284} INFO - Starting attempt 1 of 1
[2023-05-02T09:19:34.510+0000] {taskinstance.py:1285} INFO - 
--------------------------------------------------------------------------------
[2023-05-02T09:19:34.523+0000] {taskinstance.py:1304} INFO - Executing <Task(_PythonDecoratedOperator): download_files_url> on 2023-05-02 09:19:29.721076+00:00
[2023-05-02T09:19:34.530+0000] {standard_task_runner.py:55} INFO - Started process 1384 to run task
[2023-05-02T09:19:34.534+0000] {standard_task_runner.py:82} INFO - Running: ['***', 'tasks', 'run', 'prueba_tecnica', 'download_files_url', 'manual__2023-05-02T09:19:29.721076+00:00', '--job-id', '79', '--raw', '--subdir', 'DAGS_FOLDER/data_process/prueba/Prueba_Tecnica.py', '--cfg-path', '/tmp/tmp5mn0ojkq']
[2023-05-02T09:19:34.535+0000] {standard_task_runner.py:83} INFO - Job 79: Subtask download_files_url
[2023-05-02T09:19:34.619+0000] {task_command.py:389} INFO - Running <TaskInstance: prueba_tecnica.download_files_url manual__2023-05-02T09:19:29.721076+00:00 [running]> on host fc43d9cc2362
[2023-05-02T09:19:34.691+0000] {taskinstance.py:1511} INFO - Exporting the following env vars:
AIRFLOW_CTX_DAG_OWNER=loliveros
AIRFLOW_CTX_DAG_ID=prueba_tecnica
AIRFLOW_CTX_TASK_ID=download_files_url
AIRFLOW_CTX_EXECUTION_DATE=2023-05-02T09:19:29.721076+00:00
AIRFLOW_CTX_TRY_NUMBER=1
AIRFLOW_CTX_DAG_RUN_ID=manual__2023-05-02T09:19:29.721076+00:00
[2023-05-02T09:19:48.840+0000] {Prueba_Tecnica.py:93} INFO - Files downloaded: ['/tmp/prueba_tecnica/data/raw/collisions_20230502.csv']
[2023-05-02T09:19:48.840+0000] {Prueba_Tecnica.py:95} INFO - num workers: 6
[2023-05-02T09:19:48.841+0000] {python.py:177} INFO - Done. Returned value was: None
[2023-05-02T09:19:48.856+0000] {taskinstance.py:1322} INFO - Marking task as SUCCESS. dag_id=prueba_tecnica, task_id=download_files_url, execution_date=20230502T091929, start_date=20230502T091934, end_date=20230502T091948
[2023-05-02T09:19:48.914+0000] {local_task_job.py:159} INFO - Task exited with return code 0
[2023-05-02T09:19:48.950+0000] {taskinstance.py:2582} INFO - 6 downstream tasks scheduled from follow-on schedule check
