[2023-05-02T17:40:05.372+0000] {taskinstance.py:1087} INFO - Dependencies all met for <TaskInstance: prueba_tecnica.make_dir__2 manual__2023-05-02T17:40:02.106305+00:00 [queued]>
[2023-05-02T17:40:05.396+0000] {taskinstance.py:1087} INFO - Dependencies all met for <TaskInstance: prueba_tecnica.make_dir__2 manual__2023-05-02T17:40:02.106305+00:00 [queued]>
[2023-05-02T17:40:05.397+0000] {taskinstance.py:1283} INFO - 
--------------------------------------------------------------------------------
[2023-05-02T17:40:05.398+0000] {taskinstance.py:1284} INFO - Starting attempt 1 of 3
[2023-05-02T17:40:05.398+0000] {taskinstance.py:1285} INFO - 
--------------------------------------------------------------------------------
[2023-05-02T17:40:05.425+0000] {taskinstance.py:1304} INFO - Executing <Task(_PythonDecoratedOperator): make_dir__2> on 2023-05-02 17:40:02.106305+00:00
[2023-05-02T17:40:05.437+0000] {standard_task_runner.py:55} INFO - Started process 1390 to run task
[2023-05-02T17:40:05.446+0000] {standard_task_runner.py:82} INFO - Running: ['***', 'tasks', 'run', 'prueba_tecnica', 'make_dir__2', 'manual__2023-05-02T17:40:02.106305+00:00', '--job-id', '86', '--raw', '--subdir', 'DAGS_FOLDER/data_process/prueba/Prueba_Tecnica.py', '--cfg-path', '/tmp/tmpctqtdwyg']
[2023-05-02T17:40:05.447+0000] {standard_task_runner.py:83} INFO - Job 86: Subtask make_dir__2
[2023-05-02T17:40:05.557+0000] {task_command.py:389} INFO - Running <TaskInstance: prueba_tecnica.make_dir__2 manual__2023-05-02T17:40:02.106305+00:00 [running]> on host bb7d79814ac7
[2023-05-02T17:40:05.666+0000] {taskinstance.py:1511} INFO - Exporting the following env vars:
AIRFLOW_CTX_DAG_OWNER=loliveros
AIRFLOW_CTX_DAG_ID=prueba_tecnica
AIRFLOW_CTX_TASK_ID=make_dir__2
AIRFLOW_CTX_EXECUTION_DATE=2023-05-02T17:40:02.106305+00:00
AIRFLOW_CTX_TRY_NUMBER=1
AIRFLOW_CTX_DAG_RUN_ID=manual__2023-05-02T17:40:02.106305+00:00
[2023-05-02T17:40:05.671+0000] {python.py:177} INFO - Done. Returned value was: None
[2023-05-02T17:40:05.692+0000] {taskinstance.py:1322} INFO - Marking task as SUCCESS. dag_id=prueba_tecnica, task_id=make_dir__2, execution_date=20230502T174002, start_date=20230502T174005, end_date=20230502T174005
[2023-05-02T17:40:05.735+0000] {local_task_job.py:159} INFO - Task exited with return code 0
[2023-05-02T17:40:05.807+0000] {taskinstance.py:2582} INFO - 0 downstream tasks scheduled from follow-on schedule check
