[2023-05-02T08:46:41.838+0000] {taskinstance.py:1087} INFO - Dependencies all met for <TaskInstance: prueba_tecnica.make_dir__2 manual__2023-05-02T08:46:35.944044+00:00 [queued]>
[2023-05-02T08:46:41.849+0000] {taskinstance.py:1087} INFO - Dependencies all met for <TaskInstance: prueba_tecnica.make_dir__2 manual__2023-05-02T08:46:35.944044+00:00 [queued]>
[2023-05-02T08:46:41.849+0000] {taskinstance.py:1283} INFO - 
--------------------------------------------------------------------------------
[2023-05-02T08:46:41.849+0000] {taskinstance.py:1284} INFO - Starting attempt 1 of 1
[2023-05-02T08:46:41.850+0000] {taskinstance.py:1285} INFO - 
--------------------------------------------------------------------------------
[2023-05-02T08:46:41.865+0000] {taskinstance.py:1304} INFO - Executing <Task(_PythonDecoratedOperator): make_dir__2> on 2023-05-02 08:46:35.944044+00:00
[2023-05-02T08:46:41.874+0000] {standard_task_runner.py:55} INFO - Started process 632 to run task
[2023-05-02T08:46:41.879+0000] {standard_task_runner.py:82} INFO - Running: ['***', 'tasks', 'run', 'prueba_tecnica', 'make_dir__2', 'manual__2023-05-02T08:46:35.944044+00:00', '--job-id', '33', '--raw', '--subdir', 'DAGS_FOLDER/data_process/prueba/Prueba_Tecnica.py', '--cfg-path', '/tmp/tmpuoz0qnt3']
[2023-05-02T08:46:41.879+0000] {standard_task_runner.py:83} INFO - Job 33: Subtask make_dir__2
[2023-05-02T08:46:41.949+0000] {task_command.py:389} INFO - Running <TaskInstance: prueba_tecnica.make_dir__2 manual__2023-05-02T08:46:35.944044+00:00 [running]> on host fc43d9cc2362
[2023-05-02T08:46:42.024+0000] {taskinstance.py:1511} INFO - Exporting the following env vars:
AIRFLOW_CTX_DAG_OWNER=loliveros
AIRFLOW_CTX_DAG_ID=prueba_tecnica
AIRFLOW_CTX_TASK_ID=make_dir__2
AIRFLOW_CTX_EXECUTION_DATE=2023-05-02T08:46:35.944044+00:00
AIRFLOW_CTX_TRY_NUMBER=1
AIRFLOW_CTX_DAG_RUN_ID=manual__2023-05-02T08:46:35.944044+00:00
[2023-05-02T08:46:42.025+0000] {python.py:177} INFO - Done. Returned value was: None
[2023-05-02T08:46:42.036+0000] {taskinstance.py:1322} INFO - Marking task as SUCCESS. dag_id=prueba_tecnica, task_id=make_dir__2, execution_date=20230502T084635, start_date=20230502T084641, end_date=20230502T084642
[2023-05-02T08:46:42.090+0000] {local_task_job.py:159} INFO - Task exited with return code 0
[2023-05-02T08:46:42.161+0000] {taskinstance.py:2582} INFO - 0 downstream tasks scheduled from follow-on schedule check
