[2023-05-02T08:47:13.004+0000] {taskinstance.py:1087} INFO - Dependencies all met for <TaskInstance: prueba_tecnica.make_dir__3 manual__2023-05-02T08:47:09.434431+00:00 [queued]>
[2023-05-02T08:47:13.029+0000] {taskinstance.py:1087} INFO - Dependencies all met for <TaskInstance: prueba_tecnica.make_dir__3 manual__2023-05-02T08:47:09.434431+00:00 [queued]>
[2023-05-02T08:47:13.029+0000] {taskinstance.py:1283} INFO - 
--------------------------------------------------------------------------------
[2023-05-02T08:47:13.030+0000] {taskinstance.py:1284} INFO - Starting attempt 1 of 1
[2023-05-02T08:47:13.031+0000] {taskinstance.py:1285} INFO - 
--------------------------------------------------------------------------------
[2023-05-02T08:47:13.055+0000] {taskinstance.py:1304} INFO - Executing <Task(_PythonDecoratedOperator): make_dir__3> on 2023-05-02 08:47:09.434431+00:00
[2023-05-02T08:47:13.070+0000] {standard_task_runner.py:55} INFO - Started process 663 to run task
[2023-05-02T08:47:13.084+0000] {standard_task_runner.py:82} INFO - Running: ['***', 'tasks', 'run', 'prueba_tecnica', 'make_dir__3', 'manual__2023-05-02T08:47:09.434431+00:00', '--job-id', '38', '--raw', '--subdir', 'DAGS_FOLDER/data_process/prueba/Prueba_Tecnica.py', '--cfg-path', '/tmp/tmpk88ew4ko']
[2023-05-02T08:47:13.085+0000] {standard_task_runner.py:83} INFO - Job 38: Subtask make_dir__3
[2023-05-02T08:47:13.265+0000] {task_command.py:389} INFO - Running <TaskInstance: prueba_tecnica.make_dir__3 manual__2023-05-02T08:47:09.434431+00:00 [running]> on host fc43d9cc2362
[2023-05-02T08:47:13.732+0000] {taskinstance.py:1511} INFO - Exporting the following env vars:
AIRFLOW_CTX_DAG_OWNER=loliveros
AIRFLOW_CTX_DAG_ID=prueba_tecnica
AIRFLOW_CTX_TASK_ID=make_dir__3
AIRFLOW_CTX_EXECUTION_DATE=2023-05-02T08:47:09.434431+00:00
AIRFLOW_CTX_TRY_NUMBER=1
AIRFLOW_CTX_DAG_RUN_ID=manual__2023-05-02T08:47:09.434431+00:00
[2023-05-02T08:47:13.733+0000] {python.py:177} INFO - Done. Returned value was: None
[2023-05-02T08:47:13.748+0000] {taskinstance.py:1322} INFO - Marking task as SUCCESS. dag_id=prueba_tecnica, task_id=make_dir__3, execution_date=20230502T084709, start_date=20230502T084713, end_date=20230502T084713
[2023-05-02T08:47:13.828+0000] {local_task_job.py:159} INFO - Task exited with return code 0
[2023-05-02T08:47:13.862+0000] {taskinstance.py:2582} INFO - 0 downstream tasks scheduled from follow-on schedule check
