[2023-05-02T17:41:16.465+0000] {taskinstance.py:1087} INFO - Dependencies all met for <TaskInstance: prueba_tecnica.transform_data manual__2023-05-02T17:40:02.106305+00:00 map_index=4 [queued]>
[2023-05-02T17:41:16.499+0000] {taskinstance.py:1087} INFO - Dependencies all met for <TaskInstance: prueba_tecnica.transform_data manual__2023-05-02T17:40:02.106305+00:00 map_index=4 [queued]>
[2023-05-02T17:41:16.500+0000] {taskinstance.py:1283} INFO - 
--------------------------------------------------------------------------------
[2023-05-02T17:41:16.501+0000] {taskinstance.py:1284} INFO - Starting attempt 1 of 3
[2023-05-02T17:41:16.501+0000] {taskinstance.py:1285} INFO - 
--------------------------------------------------------------------------------
[2023-05-02T17:41:16.536+0000] {taskinstance.py:1304} INFO - Executing <Mapped(_PythonDecoratedOperator): transform_data> on 2023-05-02 17:40:02.106305+00:00
[2023-05-02T17:41:16.544+0000] {standard_task_runner.py:55} INFO - Started process 1430 to run task
[2023-05-02T17:41:16.561+0000] {standard_task_runner.py:82} INFO - Running: ['***', 'tasks', 'run', 'prueba_tecnica', 'transform_data', 'manual__2023-05-02T17:40:02.106305+00:00', '--job-id', '91', '--raw', '--subdir', 'DAGS_FOLDER/data_process/prueba/Prueba_Tecnica.py', '--cfg-path', '/tmp/tmpkaui36_n', '--map-index', '4']
[2023-05-02T17:41:16.571+0000] {standard_task_runner.py:83} INFO - Job 91: Subtask transform_data
[2023-05-02T17:41:16.746+0000] {task_command.py:389} INFO - Running <TaskInstance: prueba_tecnica.transform_data manual__2023-05-02T17:40:02.106305+00:00 map_index=4 [running]> on host bb7d79814ac7
[2023-05-02T17:41:17.246+0000] {taskinstance.py:1511} INFO - Exporting the following env vars:
AIRFLOW_CTX_DAG_OWNER=loliveros
AIRFLOW_CTX_DAG_ID=prueba_tecnica
AIRFLOW_CTX_TASK_ID=transform_data
AIRFLOW_CTX_EXECUTION_DATE=2023-05-02T17:40:02.106305+00:00
AIRFLOW_CTX_TRY_NUMBER=1
AIRFLOW_CTX_DAG_RUN_ID=manual__2023-05-02T17:40:02.106305+00:00
[2023-05-02T17:41:17.247+0000] {Prueba_Tecnica.py:120} INFO - Counter: 4 and dim list file path: 2
[2023-05-02T17:41:17.249+0000] {python.py:177} INFO - Done. Returned value was: None
[2023-05-02T17:41:17.267+0000] {taskinstance.py:1322} INFO - Marking task as SUCCESS. dag_id=prueba_tecnica, task_id=transform_data, map_index=4, execution_date=20230502T174002, start_date=20230502T174116, end_date=20230502T174117
[2023-05-02T17:41:17.344+0000] {local_task_job.py:159} INFO - Task exited with return code 0
[2023-05-02T17:41:17.411+0000] {taskinstance.py:2582} INFO - 0 downstream tasks scheduled from follow-on schedule check
