[2023-05-02T09:17:45.584+0000] {taskinstance.py:1087} INFO - Dependencies all met for <TaskInstance: prueba_tecnica.transform_data manual__2023-05-02T09:17:35.057441+00:00 map_index=0 [queued]>
[2023-05-02T09:17:45.606+0000] {taskinstance.py:1087} INFO - Dependencies all met for <TaskInstance: prueba_tecnica.transform_data manual__2023-05-02T09:17:35.057441+00:00 map_index=0 [queued]>
[2023-05-02T09:17:45.606+0000] {taskinstance.py:1283} INFO - 
--------------------------------------------------------------------------------
[2023-05-02T09:17:45.607+0000] {taskinstance.py:1284} INFO - Starting attempt 1 of 1
[2023-05-02T09:17:45.612+0000] {taskinstance.py:1285} INFO - 
--------------------------------------------------------------------------------
[2023-05-02T09:17:45.651+0000] {taskinstance.py:1304} INFO - Executing <Mapped(_PythonDecoratedOperator): transform_data> on 2023-05-02 09:17:35.057441+00:00
[2023-05-02T09:17:45.667+0000] {standard_task_runner.py:55} INFO - Started process 1330 to run task
[2023-05-02T09:17:45.686+0000] {standard_task_runner.py:82} INFO - Running: ['***', 'tasks', 'run', 'prueba_tecnica', 'transform_data', 'manual__2023-05-02T09:17:35.057441+00:00', '--job-id', '70', '--raw', '--subdir', 'DAGS_FOLDER/data_process/prueba/Prueba_Tecnica.py', '--cfg-path', '/tmp/tmpzz39qexn', '--map-index', '0']
[2023-05-02T09:17:45.688+0000] {standard_task_runner.py:83} INFO - Job 70: Subtask transform_data
[2023-05-02T09:17:45.922+0000] {task_command.py:389} INFO - Running <TaskInstance: prueba_tecnica.transform_data manual__2023-05-02T09:17:35.057441+00:00 map_index=0 [running]> on host fc43d9cc2362
[2023-05-02T09:17:46.069+0000] {taskinstance.py:1511} INFO - Exporting the following env vars:
AIRFLOW_CTX_DAG_OWNER=loliveros
AIRFLOW_CTX_DAG_ID=prueba_tecnica
AIRFLOW_CTX_TASK_ID=transform_data
AIRFLOW_CTX_EXECUTION_DATE=2023-05-02T09:17:35.057441+00:00
AIRFLOW_CTX_TRY_NUMBER=1
AIRFLOW_CTX_DAG_RUN_ID=manual__2023-05-02T09:17:35.057441+00:00
[2023-05-02T09:17:46.071+0000] {Prueba_Tecnica.py:104} INFO - Counter: 0 and dim list file path: 1
[2023-05-02T09:17:46.072+0000] {Prueba_Tecnica.py:108} INFO - File path: /tmp/prueba_tecnica/data/raw/collisions_20230502.csv and file path dest: /tmp/prueba_tecnica/data/stage
[2023-05-02T09:17:47.871+0000] {warnings.py:109} WARNING - /opt/***/dags/data_process/prueba/utils/general_utils.py:24: DtypeWarning: Columns (27) have mixed types. Specify dtype option on import or set low_memory=False.
  df = pd.read_csv(file_path, sep = sep, encoding = encoding, header = header)

[2023-05-02T09:17:48.295+0000] {Prueba_Tecnica.py:122} INFO - Files downloaded: ['/tmp/prueba_tecnica/data/stage/collisions_20230502.csv']
[2023-05-02T09:17:48.324+0000] {python.py:177} INFO - Done. Returned value was: None
[2023-05-02T09:17:48.334+0000] {taskinstance.py:1322} INFO - Marking task as SUCCESS. dag_id=prueba_tecnica, task_id=transform_data, map_index=0, execution_date=20230502T091735, start_date=20230502T091745, end_date=20230502T091748
[2023-05-02T09:17:48.381+0000] {local_task_job.py:159} INFO - Task exited with return code 0
[2023-05-02T09:17:48.402+0000] {taskinstance.py:2582} INFO - 1 downstream tasks scheduled from follow-on schedule check
