[2023-05-02T17:44:20.858+0000] {taskinstance.py:1087} INFO - Dependencies all met for <TaskInstance: prueba_tecnica.transform_data manual__2023-05-02T17:40:02.106305+00:00 map_index=1 [queued]>
[2023-05-02T17:44:20.872+0000] {taskinstance.py:1087} INFO - Dependencies all met for <TaskInstance: prueba_tecnica.transform_data manual__2023-05-02T17:40:02.106305+00:00 map_index=1 [queued]>
[2023-05-02T17:44:20.872+0000] {taskinstance.py:1283} INFO - 
--------------------------------------------------------------------------------
[2023-05-02T17:44:20.872+0000] {taskinstance.py:1284} INFO - Starting attempt 2 of 3
[2023-05-02T17:44:20.873+0000] {taskinstance.py:1285} INFO - 
--------------------------------------------------------------------------------
[2023-05-02T17:44:20.888+0000] {taskinstance.py:1304} INFO - Executing <Mapped(_PythonDecoratedOperator): transform_data> on 2023-05-02 17:40:02.106305+00:00
[2023-05-02T17:44:20.895+0000] {standard_task_runner.py:55} INFO - Started process 1502 to run task
[2023-05-02T17:44:20.899+0000] {standard_task_runner.py:82} INFO - Running: ['***', 'tasks', 'run', 'prueba_tecnica', 'transform_data', 'manual__2023-05-02T17:40:02.106305+00:00', '--job-id', '98', '--raw', '--subdir', 'DAGS_FOLDER/data_process/prueba/Prueba_Tecnica.py', '--cfg-path', '/tmp/tmpqr8pjtu7', '--map-index', '1']
[2023-05-02T17:44:20.900+0000] {standard_task_runner.py:83} INFO - Job 98: Subtask transform_data
[2023-05-02T17:44:20.967+0000] {task_command.py:389} INFO - Running <TaskInstance: prueba_tecnica.transform_data manual__2023-05-02T17:40:02.106305+00:00 map_index=1 [running]> on host bb7d79814ac7
[2023-05-02T17:44:21.033+0000] {taskinstance.py:1511} INFO - Exporting the following env vars:
AIRFLOW_CTX_DAG_OWNER=loliveros
AIRFLOW_CTX_DAG_ID=prueba_tecnica
AIRFLOW_CTX_TASK_ID=transform_data
AIRFLOW_CTX_EXECUTION_DATE=2023-05-02T17:40:02.106305+00:00
AIRFLOW_CTX_TRY_NUMBER=2
AIRFLOW_CTX_DAG_RUN_ID=manual__2023-05-02T17:40:02.106305+00:00
[2023-05-02T17:44:21.034+0000] {Prueba_Tecnica.py:120} INFO - Counter: 1 and dim list file path: 2
[2023-05-02T17:44:21.034+0000] {Prueba_Tecnica.py:124} INFO - File path: /tmp/prueba_tecnica/data/raw/collisions_20230502.csv and file path dest: /tmp/prueba_tecnica/data/stage
[2023-05-02T17:44:22.218+0000] {warnings.py:109} WARNING - /opt/***/dags/data_process/prueba/utils/general_utils.py:25: DtypeWarning: Columns (27) have mixed types. Specify dtype option on import or set low_memory=False.
  df = pd.read_csv(file_path, sep = sep, encoding = encoding, header = header)

[2023-05-02T17:44:22.575+0000] {Prueba_Tecnica.py:155} INFO - Files Transformed: ['/tmp/prueba_tecnica/data/stage/Traffic_Flow_Map_Volumes20230502.csv', '/tmp/prueba_tecnica/data/stage/collisions_20230502.csv']
[2023-05-02T17:44:22.600+0000] {python.py:177} INFO - Done. Returned value was: None
[2023-05-02T17:44:22.611+0000] {taskinstance.py:1322} INFO - Marking task as SUCCESS. dag_id=prueba_tecnica, task_id=transform_data, map_index=1, execution_date=20230502T174002, start_date=20230502T174420, end_date=20230502T174422
[2023-05-02T17:44:22.677+0000] {local_task_job.py:159} INFO - Task exited with return code 0
[2023-05-02T17:44:22.700+0000] {taskinstance.py:2582} INFO - 1 downstream tasks scheduled from follow-on schedule check
