[2023-05-02T17:24:12.834+0000] {taskinstance.py:1087} INFO - Dependencies all met for <TaskInstance: prueba_tecnica.download_files_url manual__2023-05-02T17:24:07.621819+00:00 map_index=1 [queued]>
[2023-05-02T17:24:12.851+0000] {taskinstance.py:1087} INFO - Dependencies all met for <TaskInstance: prueba_tecnica.download_files_url manual__2023-05-02T17:24:07.621819+00:00 map_index=1 [queued]>
[2023-05-02T17:24:12.852+0000] {taskinstance.py:1283} INFO - 
--------------------------------------------------------------------------------
[2023-05-02T17:24:12.852+0000] {taskinstance.py:1284} INFO - Starting attempt 1 of 1
[2023-05-02T17:24:12.853+0000] {taskinstance.py:1285} INFO - 
--------------------------------------------------------------------------------
[2023-05-02T17:24:12.867+0000] {taskinstance.py:1304} INFO - Executing <Mapped(_PythonDecoratedOperator): download_files_url> on 2023-05-02 17:24:07.621819+00:00
[2023-05-02T17:24:12.874+0000] {standard_task_runner.py:55} INFO - Started process 1001 to run task
[2023-05-02T17:24:12.880+0000] {standard_task_runner.py:82} INFO - Running: ['***', 'tasks', 'run', 'prueba_tecnica', 'download_files_url', 'manual__2023-05-02T17:24:07.621819+00:00', '--job-id', '59', '--raw', '--subdir', 'DAGS_FOLDER/data_process/prueba/Prueba_Tecnica.py', '--cfg-path', '/tmp/tmp_gywncks', '--map-index', '1']
[2023-05-02T17:24:12.881+0000] {standard_task_runner.py:83} INFO - Job 59: Subtask download_files_url
[2023-05-02T17:24:12.961+0000] {task_command.py:389} INFO - Running <TaskInstance: prueba_tecnica.download_files_url manual__2023-05-02T17:24:07.621819+00:00 map_index=1 [running]> on host bb7d79814ac7
[2023-05-02T17:24:13.041+0000] {taskinstance.py:1511} INFO - Exporting the following env vars:
AIRFLOW_CTX_DAG_OWNER=loliveros
AIRFLOW_CTX_DAG_ID=prueba_tecnica
AIRFLOW_CTX_TASK_ID=download_files_url
AIRFLOW_CTX_EXECUTION_DATE=2023-05-02T17:24:07.621819+00:00
AIRFLOW_CTX_TRY_NUMBER=1
AIRFLOW_CTX_DAG_RUN_ID=manual__2023-05-02T17:24:07.621819+00:00
[2023-05-02T17:24:13.042+0000] {Prueba_Tecnica.py:84} INFO - json params: {'url_csv': 'https://opendata.arcgis.com/api/v3/datasets/34dd0a126aeb4dd5b99a397b5884e71f_0/downloads/data?format=csv&spatialRefId=4326&where=1%3D1', 'filename_dest': 'collisions_20230502'} and folder dir: /tmp/prueba_tecnica/data/raw
[2023-05-02T17:25:16.374+0000] {Prueba_Tecnica.py:96} INFO - Files downloaded: ['/tmp/prueba_tecnica/data/raw/Traffic_Flow_Map_Volumes20230502.csv', '/tmp/prueba_tecnica/data/raw/collisions_20230502.csv']
[2023-05-02T17:25:16.375+0000] {Prueba_Tecnica.py:98} INFO - num workers: 6
[2023-05-02T17:25:16.376+0000] {python.py:177} INFO - Done. Returned value was: None
[2023-05-02T17:25:16.412+0000] {taskinstance.py:1322} INFO - Marking task as SUCCESS. dag_id=prueba_tecnica, task_id=download_files_url, map_index=1, execution_date=20230502T172407, start_date=20230502T172412, end_date=20230502T172516
[2023-05-02T17:25:16.465+0000] {local_task_job.py:159} INFO - Task exited with return code 0
[2023-05-02T17:25:16.508+0000] {taskinstance.py:2582} INFO - 0 downstream tasks scheduled from follow-on schedule check
