[2023-05-02T09:20:10.182+0000] {taskinstance.py:1087} INFO - Dependencies all met for <TaskInstance: prueba_tecnica.transform_data manual__2023-05-02T09:19:40.896749+00:00 map_index=4 [queued]>
[2023-05-02T09:20:10.200+0000] {taskinstance.py:1087} INFO - Dependencies all met for <TaskInstance: prueba_tecnica.transform_data manual__2023-05-02T09:19:40.896749+00:00 map_index=4 [queued]>
[2023-05-02T09:20:10.201+0000] {taskinstance.py:1283} INFO - 
--------------------------------------------------------------------------------
[2023-05-02T09:20:10.201+0000] {taskinstance.py:1284} INFO - Starting attempt 1 of 1
[2023-05-02T09:20:10.203+0000] {taskinstance.py:1285} INFO - 
--------------------------------------------------------------------------------
[2023-05-02T09:20:10.229+0000] {taskinstance.py:1304} INFO - Executing <Mapped(_PythonDecoratedOperator): transform_data> on 2023-05-02 09:19:40.896749+00:00
[2023-05-02T09:20:10.239+0000] {standard_task_runner.py:55} INFO - Started process 1451 to run task
[2023-05-02T09:20:10.262+0000] {standard_task_runner.py:82} INFO - Running: ['***', 'tasks', 'run', 'prueba_tecnica', 'transform_data', 'manual__2023-05-02T09:19:40.896749+00:00', '--job-id', '96', '--raw', '--subdir', 'DAGS_FOLDER/data_process/prueba/Prueba_Tecnica.py', '--cfg-path', '/tmp/tmp1l9uc5cq', '--map-index', '4']
[2023-05-02T09:20:10.263+0000] {standard_task_runner.py:83} INFO - Job 96: Subtask transform_data
[2023-05-02T09:20:10.452+0000] {task_command.py:389} INFO - Running <TaskInstance: prueba_tecnica.transform_data manual__2023-05-02T09:19:40.896749+00:00 map_index=4 [running]> on host fc43d9cc2362
[2023-05-02T09:20:10.926+0000] {taskinstance.py:1511} INFO - Exporting the following env vars:
AIRFLOW_CTX_DAG_OWNER=loliveros
AIRFLOW_CTX_DAG_ID=prueba_tecnica
AIRFLOW_CTX_TASK_ID=transform_data
AIRFLOW_CTX_EXECUTION_DATE=2023-05-02T09:19:40.896749+00:00
AIRFLOW_CTX_TRY_NUMBER=1
AIRFLOW_CTX_DAG_RUN_ID=manual__2023-05-02T09:19:40.896749+00:00
[2023-05-02T09:20:10.927+0000] {Prueba_Tecnica.py:105} INFO - Counter: 4 and dim list file path: 1
[2023-05-02T09:20:10.927+0000] {python.py:177} INFO - Done. Returned value was: None
[2023-05-02T09:20:10.938+0000] {taskinstance.py:1322} INFO - Marking task as SUCCESS. dag_id=prueba_tecnica, task_id=transform_data, map_index=4, execution_date=20230502T091940, start_date=20230502T092010, end_date=20230502T092010
[2023-05-02T09:20:10.988+0000] {local_task_job.py:159} INFO - Task exited with return code 0
[2023-05-02T09:20:11.014+0000] {taskinstance.py:2582} INFO - 0 downstream tasks scheduled from follow-on schedule check
