[2023-05-02T08:09:32.221+0000] {taskinstance.py:1125} INFO - Dependencies all met for dep_context=non-requeueable deps ti=<TaskInstance: prueba_tecnica.make_dir__2 scheduled__2023-05-01T00:30:00+00:00 [queued]>
[2023-05-02T08:09:32.231+0000] {taskinstance.py:1125} INFO - Dependencies all met for dep_context=requeueable deps ti=<TaskInstance: prueba_tecnica.make_dir__2 scheduled__2023-05-01T00:30:00+00:00 [queued]>
[2023-05-02T08:09:32.232+0000] {taskinstance.py:1331} INFO - Starting attempt 1 of 1
[2023-05-02T08:09:32.248+0000] {taskinstance.py:1350} INFO - Executing <Task(_PythonDecoratedOperator): make_dir__2> on 2023-05-01 00:30:00+00:00
[2023-05-02T08:09:32.255+0000] {standard_task_runner.py:57} INFO - Started process 93 to run task
[2023-05-02T08:09:32.261+0000] {standard_task_runner.py:84} INFO - Running: ['***', 'tasks', 'run', 'prueba_tecnica', 'make_dir__2', 'scheduled__2023-05-01T00:30:00+00:00', '--job-id', '40', '--raw', '--subdir', 'DAGS_FOLDER/data_process/prueba/Prueba_Tecnica.py', '--cfg-path', '/tmp/tmp4rbzvg67']
[2023-05-02T08:09:32.261+0000] {standard_task_runner.py:85} INFO - Job 40: Subtask make_dir__2
[2023-05-02T08:09:32.327+0000] {task_command.py:410} INFO - Running <TaskInstance: prueba_tecnica.make_dir__2 scheduled__2023-05-01T00:30:00+00:00 [running]> on host b9dbbc7de3fe
[2023-05-02T08:09:32.455+0000] {taskinstance.py:1568} INFO - Exporting env vars: AIRFLOW_CTX_DAG_OWNER='loliveros' AIRFLOW_CTX_DAG_ID='prueba_tecnica' AIRFLOW_CTX_TASK_ID='make_dir__2' AIRFLOW_CTX_EXECUTION_DATE='2023-05-01T00:30:00+00:00' AIRFLOW_CTX_TRY_NUMBER='1' AIRFLOW_CTX_DAG_RUN_ID='scheduled__2023-05-01T00:30:00+00:00'
[2023-05-02T08:09:32.458+0000] {python.py:183} INFO - Done. Returned value was: None
[2023-05-02T08:09:32.471+0000] {taskinstance.py:1368} INFO - Marking task as SUCCESS. dag_id=prueba_tecnica, task_id=make_dir__2, execution_date=20230501T003000, start_date=20230502T080932, end_date=20230502T080932
[2023-05-02T08:09:32.511+0000] {local_task_job_runner.py:232} INFO - Task exited with return code 0
[2023-05-02T08:09:32.534+0000] {taskinstance.py:2674} INFO - 1 downstream tasks scheduled from follow-on schedule check
[2023-05-02T08:25:01.180+0000] {taskinstance.py:1087} INFO - Dependencies all met for <TaskInstance: prueba_tecnica.make_dir__2 scheduled__2023-05-01T00:30:00+00:00 [queued]>
[2023-05-02T08:25:01.200+0000] {taskinstance.py:1087} INFO - Dependencies all met for <TaskInstance: prueba_tecnica.make_dir__2 scheduled__2023-05-01T00:30:00+00:00 [queued]>
[2023-05-02T08:25:01.203+0000] {taskinstance.py:1283} INFO - 
--------------------------------------------------------------------------------
[2023-05-02T08:25:01.204+0000] {taskinstance.py:1284} INFO - Starting attempt 1 of 1
[2023-05-02T08:25:01.205+0000] {taskinstance.py:1285} INFO - 
--------------------------------------------------------------------------------
[2023-05-02T08:25:01.224+0000] {taskinstance.py:1304} INFO - Executing <Task(_PythonDecoratedOperator): make_dir__2> on 2023-05-01 00:30:00+00:00
[2023-05-02T08:25:01.231+0000] {standard_task_runner.py:55} INFO - Started process 137 to run task
[2023-05-02T08:25:01.239+0000] {standard_task_runner.py:82} INFO - Running: ['***', 'tasks', 'run', 'prueba_tecnica', 'make_dir__2', 'scheduled__2023-05-01T00:30:00+00:00', '--job-id', '5', '--raw', '--subdir', 'DAGS_FOLDER/data_process/prueba/Prueba_Tecnica.py', '--cfg-path', '/tmp/tmp10yiahnf']
[2023-05-02T08:25:01.241+0000] {standard_task_runner.py:83} INFO - Job 5: Subtask make_dir__2
[2023-05-02T08:25:01.337+0000] {task_command.py:389} INFO - Running <TaskInstance: prueba_tecnica.make_dir__2 scheduled__2023-05-01T00:30:00+00:00 [running]> on host fc43d9cc2362
[2023-05-02T08:25:01.439+0000] {taskinstance.py:1511} INFO - Exporting the following env vars:
AIRFLOW_CTX_DAG_OWNER=loliveros
AIRFLOW_CTX_DAG_ID=prueba_tecnica
AIRFLOW_CTX_TASK_ID=make_dir__2
AIRFLOW_CTX_EXECUTION_DATE=2023-05-01T00:30:00+00:00
AIRFLOW_CTX_TRY_NUMBER=1
AIRFLOW_CTX_DAG_RUN_ID=scheduled__2023-05-01T00:30:00+00:00
[2023-05-02T08:25:01.441+0000] {python.py:177} INFO - Done. Returned value was: None
[2023-05-02T08:25:01.453+0000] {taskinstance.py:1322} INFO - Marking task as SUCCESS. dag_id=prueba_tecnica, task_id=make_dir__2, execution_date=20230501T003000, start_date=20230502T082501, end_date=20230502T082501
[2023-05-02T08:25:01.488+0000] {local_task_job.py:159} INFO - Task exited with return code 0
[2023-05-02T08:25:01.514+0000] {taskinstance.py:2582} INFO - 0 downstream tasks scheduled from follow-on schedule check
[2023-05-02T16:46:08.779+0000] {taskinstance.py:1087} INFO - Dependencies all met for <TaskInstance: prueba_tecnica.make_dir__2 scheduled__2023-05-01T00:30:00+00:00 [queued]>
[2023-05-02T16:46:08.803+0000] {taskinstance.py:1087} INFO - Dependencies all met for <TaskInstance: prueba_tecnica.make_dir__2 scheduled__2023-05-01T00:30:00+00:00 [queued]>
[2023-05-02T16:46:08.804+0000] {taskinstance.py:1283} INFO - 
--------------------------------------------------------------------------------
[2023-05-02T16:46:08.804+0000] {taskinstance.py:1284} INFO - Starting attempt 1 of 1
[2023-05-02T16:46:08.804+0000] {taskinstance.py:1285} INFO - 
--------------------------------------------------------------------------------
[2023-05-02T16:46:08.829+0000] {taskinstance.py:1304} INFO - Executing <Task(_PythonDecoratedOperator): make_dir__2> on 2023-05-01 00:30:00+00:00
[2023-05-02T16:46:08.839+0000] {standard_task_runner.py:55} INFO - Started process 130 to run task
[2023-05-02T16:46:08.848+0000] {standard_task_runner.py:82} INFO - Running: ['***', 'tasks', 'run', 'prueba_tecnica', 'make_dir__2', 'scheduled__2023-05-01T00:30:00+00:00', '--job-id', '6', '--raw', '--subdir', 'DAGS_FOLDER/data_process/prueba/Prueba_Tecnica.py', '--cfg-path', '/tmp/tmpmkqmlsak']
[2023-05-02T16:46:08.849+0000] {standard_task_runner.py:83} INFO - Job 6: Subtask make_dir__2
[2023-05-02T16:46:08.953+0000] {task_command.py:389} INFO - Running <TaskInstance: prueba_tecnica.make_dir__2 scheduled__2023-05-01T00:30:00+00:00 [running]> on host bb7d79814ac7
[2023-05-02T16:46:09.056+0000] {taskinstance.py:1511} INFO - Exporting the following env vars:
AIRFLOW_CTX_DAG_OWNER=loliveros
AIRFLOW_CTX_DAG_ID=prueba_tecnica
AIRFLOW_CTX_TASK_ID=make_dir__2
AIRFLOW_CTX_EXECUTION_DATE=2023-05-01T00:30:00+00:00
AIRFLOW_CTX_TRY_NUMBER=1
AIRFLOW_CTX_DAG_RUN_ID=scheduled__2023-05-01T00:30:00+00:00
[2023-05-02T16:46:09.059+0000] {python.py:177} INFO - Done. Returned value was: None
[2023-05-02T16:46:09.079+0000] {taskinstance.py:1322} INFO - Marking task as SUCCESS. dag_id=prueba_tecnica, task_id=make_dir__2, execution_date=20230501T003000, start_date=20230502T164608, end_date=20230502T164609
[2023-05-02T16:46:09.138+0000] {local_task_job.py:159} INFO - Task exited with return code 0
[2023-05-02T16:46:09.208+0000] {taskinstance.py:2582} INFO - 0 downstream tasks scheduled from follow-on schedule check
