[2023-05-02T09:19:51.520+0000] {taskinstance.py:1087} INFO - Dependencies all met for <TaskInstance: prueba_tecnica.transform_data manual__2023-05-02T09:19:29.721076+00:00 map_index=1 [queued]>
[2023-05-02T09:19:51.548+0000] {taskinstance.py:1087} INFO - Dependencies all met for <TaskInstance: prueba_tecnica.transform_data manual__2023-05-02T09:19:29.721076+00:00 map_index=1 [queued]>
[2023-05-02T09:19:51.548+0000] {taskinstance.py:1283} INFO - 
--------------------------------------------------------------------------------
[2023-05-02T09:19:51.551+0000] {taskinstance.py:1284} INFO - Starting attempt 1 of 1
[2023-05-02T09:19:51.552+0000] {taskinstance.py:1285} INFO - 
--------------------------------------------------------------------------------
[2023-05-02T09:19:51.605+0000] {taskinstance.py:1304} INFO - Executing <Mapped(_PythonDecoratedOperator): transform_data> on 2023-05-02 09:19:29.721076+00:00
[2023-05-02T09:19:51.616+0000] {standard_task_runner.py:55} INFO - Started process 1410 to run task
[2023-05-02T09:19:51.634+0000] {standard_task_runner.py:82} INFO - Running: ['***', 'tasks', 'run', 'prueba_tecnica', 'transform_data', 'manual__2023-05-02T09:19:29.721076+00:00', '--job-id', '83', '--raw', '--subdir', 'DAGS_FOLDER/data_process/prueba/Prueba_Tecnica.py', '--cfg-path', '/tmp/tmpkse520qh', '--map-index', '1']
[2023-05-02T09:19:51.637+0000] {standard_task_runner.py:83} INFO - Job 83: Subtask transform_data
[2023-05-02T09:19:51.809+0000] {task_command.py:389} INFO - Running <TaskInstance: prueba_tecnica.transform_data manual__2023-05-02T09:19:29.721076+00:00 map_index=1 [running]> on host fc43d9cc2362
[2023-05-02T09:19:52.260+0000] {taskinstance.py:1511} INFO - Exporting the following env vars:
AIRFLOW_CTX_DAG_OWNER=loliveros
AIRFLOW_CTX_DAG_ID=prueba_tecnica
AIRFLOW_CTX_TASK_ID=transform_data
AIRFLOW_CTX_EXECUTION_DATE=2023-05-02T09:19:29.721076+00:00
AIRFLOW_CTX_TRY_NUMBER=1
AIRFLOW_CTX_DAG_RUN_ID=manual__2023-05-02T09:19:29.721076+00:00
[2023-05-02T09:19:52.261+0000] {Prueba_Tecnica.py:105} INFO - Counter: 1 and dim list file path: 1
[2023-05-02T09:19:52.262+0000] {python.py:177} INFO - Done. Returned value was: None
[2023-05-02T09:19:52.277+0000] {taskinstance.py:1322} INFO - Marking task as SUCCESS. dag_id=prueba_tecnica, task_id=transform_data, map_index=1, execution_date=20230502T091929, start_date=20230502T091951, end_date=20230502T091952
[2023-05-02T09:19:52.367+0000] {local_task_job.py:159} INFO - Task exited with return code 0
[2023-05-02T09:19:52.406+0000] {taskinstance.py:2582} INFO - 0 downstream tasks scheduled from follow-on schedule check
