[2023-05-02T09:25:32.563+0000] {taskinstance.py:1087} INFO - Dependencies all met for <TaskInstance: prueba_tecnica.upload_to_s3 manual__2023-05-02T09:25:19.683617+00:00 [queued]>
[2023-05-02T09:25:32.573+0000] {taskinstance.py:1087} INFO - Dependencies all met for <TaskInstance: prueba_tecnica.upload_to_s3 manual__2023-05-02T09:25:19.683617+00:00 [queued]>
[2023-05-02T09:25:32.573+0000] {taskinstance.py:1283} INFO - 
--------------------------------------------------------------------------------
[2023-05-02T09:25:32.573+0000] {taskinstance.py:1284} INFO - Starting attempt 1 of 1
[2023-05-02T09:25:32.574+0000] {taskinstance.py:1285} INFO - 
--------------------------------------------------------------------------------
[2023-05-02T09:25:32.587+0000] {taskinstance.py:1304} INFO - Executing <Task(_PythonDecoratedOperator): upload_to_s3> on 2023-05-02 09:25:19.683617+00:00
[2023-05-02T09:25:32.595+0000] {standard_task_runner.py:55} INFO - Started process 1637 to run task
[2023-05-02T09:25:32.599+0000] {standard_task_runner.py:82} INFO - Running: ['***', 'tasks', 'run', 'prueba_tecnica', 'upload_to_s3', 'manual__2023-05-02T09:25:19.683617+00:00', '--job-id', '125', '--raw', '--subdir', 'DAGS_FOLDER/data_process/prueba/Prueba_Tecnica.py', '--cfg-path', '/tmp/tmpd0rqvx1a']
[2023-05-02T09:25:32.600+0000] {standard_task_runner.py:83} INFO - Job 125: Subtask upload_to_s3
[2023-05-02T09:25:32.663+0000] {task_command.py:389} INFO - Running <TaskInstance: prueba_tecnica.upload_to_s3 manual__2023-05-02T09:25:19.683617+00:00 [running]> on host fc43d9cc2362
[2023-05-02T09:25:32.726+0000] {taskinstance.py:1511} INFO - Exporting the following env vars:
AIRFLOW_CTX_DAG_OWNER=loliveros
AIRFLOW_CTX_DAG_ID=prueba_tecnica
AIRFLOW_CTX_TASK_ID=upload_to_s3
AIRFLOW_CTX_EXECUTION_DATE=2023-05-02T09:25:19.683617+00:00
AIRFLOW_CTX_TRY_NUMBER=1
AIRFLOW_CTX_DAG_RUN_ID=manual__2023-05-02T09:25:19.683617+00:00
[2023-05-02T09:25:32.728+0000] {Prueba_Tecnica.py:145} INFO - List files: ['/tmp/prueba_tecnica/data/stage/collisions_20230502.csv']
[2023-05-02T09:25:32.739+0000] {base.py:73} INFO - Using connection ID 'loliveros_s3' for task execution.
[2023-05-02T09:25:32.741+0000] {connection_wrapper.py:335} INFO - AWS Connection (conn_id='loliveros_s3', conn_type='aws') credentials retrieved from extra.
[2023-05-02T09:25:33.670+0000] {python.py:177} INFO - Done. Returned value was: None
[2023-05-02T09:25:33.681+0000] {taskinstance.py:1322} INFO - Marking task as SUCCESS. dag_id=prueba_tecnica, task_id=upload_to_s3, execution_date=20230502T092519, start_date=20230502T092532, end_date=20230502T092533
[2023-05-02T09:25:33.734+0000] {local_task_job.py:159} INFO - Task exited with return code 0
[2023-05-02T09:25:33.749+0000] {taskinstance.py:2582} INFO - 0 downstream tasks scheduled from follow-on schedule check
