[2023-05-02T08:09:31.112+0000] {taskinstance.py:1125} INFO - Dependencies all met for dep_context=non-requeueable deps ti=<TaskInstance: prueba_tecnica.make_dir scheduled__2023-05-01T00:30:00+00:00 [queued]>
[2023-05-02T08:09:31.131+0000] {taskinstance.py:1125} INFO - Dependencies all met for dep_context=requeueable deps ti=<TaskInstance: prueba_tecnica.make_dir scheduled__2023-05-01T00:30:00+00:00 [queued]>
[2023-05-02T08:09:31.132+0000] {taskinstance.py:1331} INFO - Starting attempt 1 of 1
[2023-05-02T08:09:31.152+0000] {taskinstance.py:1350} INFO - Executing <Task(_PythonDecoratedOperator): make_dir> on 2023-05-01 00:30:00+00:00
[2023-05-02T08:09:31.165+0000] {standard_task_runner.py:57} INFO - Started process 90 to run task
[2023-05-02T08:09:31.182+0000] {standard_task_runner.py:84} INFO - Running: ['***', 'tasks', 'run', 'prueba_tecnica', 'make_dir', 'scheduled__2023-05-01T00:30:00+00:00', '--job-id', '37', '--raw', '--subdir', 'DAGS_FOLDER/data_process/prueba/Prueba_Tecnica.py', '--cfg-path', '/tmp/tmp8eu19dp2']
[2023-05-02T08:09:31.184+0000] {standard_task_runner.py:85} INFO - Job 37: Subtask make_dir
[2023-05-02T08:09:31.272+0000] {task_command.py:410} INFO - Running <TaskInstance: prueba_tecnica.make_dir scheduled__2023-05-01T00:30:00+00:00 [running]> on host b9dbbc7de3fe
[2023-05-02T08:09:31.420+0000] {taskinstance.py:1568} INFO - Exporting env vars: AIRFLOW_CTX_DAG_OWNER='loliveros' AIRFLOW_CTX_DAG_ID='prueba_tecnica' AIRFLOW_CTX_TASK_ID='make_dir' AIRFLOW_CTX_EXECUTION_DATE='2023-05-01T00:30:00+00:00' AIRFLOW_CTX_TRY_NUMBER='1' AIRFLOW_CTX_DAG_RUN_ID='scheduled__2023-05-01T00:30:00+00:00'
[2023-05-02T08:09:31.425+0000] {python.py:183} INFO - Done. Returned value was: None
[2023-05-02T08:09:31.444+0000] {taskinstance.py:1368} INFO - Marking task as SUCCESS. dag_id=prueba_tecnica, task_id=make_dir, execution_date=20230501T003000, start_date=20230502T080931, end_date=20230502T080931
[2023-05-02T08:09:31.504+0000] {local_task_job_runner.py:232} INFO - Task exited with return code 0
[2023-05-02T08:09:31.557+0000] {taskinstance.py:2674} INFO - 0 downstream tasks scheduled from follow-on schedule check
[2023-05-02T08:25:01.141+0000] {taskinstance.py:1087} INFO - Dependencies all met for <TaskInstance: prueba_tecnica.make_dir scheduled__2023-05-01T00:30:00+00:00 [queued]>
[2023-05-02T08:25:01.163+0000] {taskinstance.py:1087} INFO - Dependencies all met for <TaskInstance: prueba_tecnica.make_dir scheduled__2023-05-01T00:30:00+00:00 [queued]>
[2023-05-02T08:25:01.163+0000] {taskinstance.py:1283} INFO - 
--------------------------------------------------------------------------------
[2023-05-02T08:25:01.164+0000] {taskinstance.py:1284} INFO - Starting attempt 1 of 1
[2023-05-02T08:25:01.164+0000] {taskinstance.py:1285} INFO - 
--------------------------------------------------------------------------------
[2023-05-02T08:25:01.188+0000] {taskinstance.py:1304} INFO - Executing <Task(_PythonDecoratedOperator): make_dir> on 2023-05-01 00:30:00+00:00
[2023-05-02T08:25:01.197+0000] {standard_task_runner.py:55} INFO - Started process 136 to run task
[2023-05-02T08:25:01.206+0000] {standard_task_runner.py:82} INFO - Running: ['***', 'tasks', 'run', 'prueba_tecnica', 'make_dir', 'scheduled__2023-05-01T00:30:00+00:00', '--job-id', '4', '--raw', '--subdir', 'DAGS_FOLDER/data_process/prueba/Prueba_Tecnica.py', '--cfg-path', '/tmp/tmpl4ynsdue']
[2023-05-02T08:25:01.207+0000] {standard_task_runner.py:83} INFO - Job 4: Subtask make_dir
[2023-05-02T08:25:01.307+0000] {task_command.py:389} INFO - Running <TaskInstance: prueba_tecnica.make_dir scheduled__2023-05-01T00:30:00+00:00 [running]> on host fc43d9cc2362
[2023-05-02T08:25:01.410+0000] {taskinstance.py:1511} INFO - Exporting the following env vars:
AIRFLOW_CTX_DAG_OWNER=loliveros
AIRFLOW_CTX_DAG_ID=prueba_tecnica
AIRFLOW_CTX_TASK_ID=make_dir
AIRFLOW_CTX_EXECUTION_DATE=2023-05-01T00:30:00+00:00
AIRFLOW_CTX_TRY_NUMBER=1
AIRFLOW_CTX_DAG_RUN_ID=scheduled__2023-05-01T00:30:00+00:00
[2023-05-02T08:25:01.413+0000] {python.py:177} INFO - Done. Returned value was: None
[2023-05-02T08:25:01.427+0000] {taskinstance.py:1322} INFO - Marking task as SUCCESS. dag_id=prueba_tecnica, task_id=make_dir, execution_date=20230501T003000, start_date=20230502T082501, end_date=20230502T082501
[2023-05-02T08:25:01.500+0000] {local_task_job.py:159} INFO - Task exited with return code 0
[2023-05-02T08:25:01.533+0000] {taskinstance.py:2582} INFO - 0 downstream tasks scheduled from follow-on schedule check
