[2023-05-02T09:25:22.740+0000] {taskinstance.py:1087} INFO - Dependencies all met for <TaskInstance: prueba_tecnica.make_dir manual__2023-05-02T09:25:19.683617+00:00 [queued]>
[2023-05-02T09:25:22.759+0000] {taskinstance.py:1087} INFO - Dependencies all met for <TaskInstance: prueba_tecnica.make_dir manual__2023-05-02T09:25:19.683617+00:00 [queued]>
[2023-05-02T09:25:22.760+0000] {taskinstance.py:1283} INFO - 
--------------------------------------------------------------------------------
[2023-05-02T09:25:22.760+0000] {taskinstance.py:1284} INFO - Starting attempt 1 of 1
[2023-05-02T09:25:22.761+0000] {taskinstance.py:1285} INFO - 
--------------------------------------------------------------------------------
[2023-05-02T09:25:22.780+0000] {taskinstance.py:1304} INFO - Executing <Task(_PythonDecoratedOperator): make_dir> on 2023-05-02 09:25:19.683617+00:00
[2023-05-02T09:25:22.790+0000] {standard_task_runner.py:55} INFO - Started process 1610 to run task
[2023-05-02T09:25:22.803+0000] {standard_task_runner.py:82} INFO - Running: ['***', 'tasks', 'run', 'prueba_tecnica', 'make_dir', 'manual__2023-05-02T09:25:19.683617+00:00', '--job-id', '114', '--raw', '--subdir', 'DAGS_FOLDER/data_process/prueba/Prueba_Tecnica.py', '--cfg-path', '/tmp/tmph074eu_m']
[2023-05-02T09:25:22.804+0000] {standard_task_runner.py:83} INFO - Job 114: Subtask make_dir
[2023-05-02T09:25:22.964+0000] {task_command.py:389} INFO - Running <TaskInstance: prueba_tecnica.make_dir manual__2023-05-02T09:25:19.683617+00:00 [running]> on host fc43d9cc2362
[2023-05-02T09:25:23.089+0000] {taskinstance.py:1511} INFO - Exporting the following env vars:
AIRFLOW_CTX_DAG_OWNER=loliveros
AIRFLOW_CTX_DAG_ID=prueba_tecnica
AIRFLOW_CTX_TASK_ID=make_dir
AIRFLOW_CTX_EXECUTION_DATE=2023-05-02T09:25:19.683617+00:00
AIRFLOW_CTX_TRY_NUMBER=1
AIRFLOW_CTX_DAG_RUN_ID=manual__2023-05-02T09:25:19.683617+00:00
[2023-05-02T09:25:23.091+0000] {python.py:177} INFO - Done. Returned value was: None
[2023-05-02T09:25:23.103+0000] {taskinstance.py:1322} INFO - Marking task as SUCCESS. dag_id=prueba_tecnica, task_id=make_dir, execution_date=20230502T092519, start_date=20230502T092522, end_date=20230502T092523
[2023-05-02T09:25:23.132+0000] {local_task_job.py:159} INFO - Task exited with return code 0
[2023-05-02T09:25:23.170+0000] {taskinstance.py:2582} INFO - 0 downstream tasks scheduled from follow-on schedule check
