[2023-05-02T08:47:13.027+0000] {taskinstance.py:1087} INFO - Dependencies all met for <TaskInstance: prueba_tecnica.make_dir__2 manual__2023-05-02T08:47:09.434431+00:00 [queued]>
[2023-05-02T08:47:13.051+0000] {taskinstance.py:1087} INFO - Dependencies all met for <TaskInstance: prueba_tecnica.make_dir__2 manual__2023-05-02T08:47:09.434431+00:00 [queued]>
[2023-05-02T08:47:13.051+0000] {taskinstance.py:1283} INFO - 
--------------------------------------------------------------------------------
[2023-05-02T08:47:13.052+0000] {taskinstance.py:1284} INFO - Starting attempt 1 of 1
[2023-05-02T08:47:13.052+0000] {taskinstance.py:1285} INFO - 
--------------------------------------------------------------------------------
[2023-05-02T08:47:13.085+0000] {taskinstance.py:1304} INFO - Executing <Task(_PythonDecoratedOperator): make_dir__2> on 2023-05-02 08:47:09.434431+00:00
[2023-05-02T08:47:13.097+0000] {standard_task_runner.py:55} INFO - Started process 664 to run task
[2023-05-02T08:47:13.110+0000] {standard_task_runner.py:82} INFO - Running: ['***', 'tasks', 'run', 'prueba_tecnica', 'make_dir__2', 'manual__2023-05-02T08:47:09.434431+00:00', '--job-id', '39', '--raw', '--subdir', 'DAGS_FOLDER/data_process/prueba/Prueba_Tecnica.py', '--cfg-path', '/tmp/tmp3rdbf73n']
[2023-05-02T08:47:13.112+0000] {standard_task_runner.py:83} INFO - Job 39: Subtask make_dir__2
[2023-05-02T08:47:13.290+0000] {task_command.py:389} INFO - Running <TaskInstance: prueba_tecnica.make_dir__2 manual__2023-05-02T08:47:09.434431+00:00 [running]> on host fc43d9cc2362
[2023-05-02T08:47:13.445+0000] {taskinstance.py:1511} INFO - Exporting the following env vars:
AIRFLOW_CTX_DAG_OWNER=loliveros
AIRFLOW_CTX_DAG_ID=prueba_tecnica
AIRFLOW_CTX_TASK_ID=make_dir__2
AIRFLOW_CTX_EXECUTION_DATE=2023-05-02T08:47:09.434431+00:00
AIRFLOW_CTX_TRY_NUMBER=1
AIRFLOW_CTX_DAG_RUN_ID=manual__2023-05-02T08:47:09.434431+00:00
[2023-05-02T08:47:13.451+0000] {python.py:177} INFO - Done. Returned value was: None
[2023-05-02T08:47:13.484+0000] {taskinstance.py:1322} INFO - Marking task as SUCCESS. dag_id=prueba_tecnica, task_id=make_dir__2, execution_date=20230502T084709, start_date=20230502T084713, end_date=20230502T084713
[2023-05-02T08:47:13.566+0000] {local_task_job.py:159} INFO - Task exited with return code 0
[2023-05-02T08:47:13.616+0000] {taskinstance.py:2582} INFO - 0 downstream tasks scheduled from follow-on schedule check
