[2023-05-02T09:22:48.299+0000] {taskinstance.py:1087} INFO - Dependencies all met for <TaskInstance: prueba_tecnica.download_files_url manual__2023-05-02T09:22:41.784178+00:00 [queued]>
[2023-05-02T09:22:48.309+0000] {taskinstance.py:1087} INFO - Dependencies all met for <TaskInstance: prueba_tecnica.download_files_url manual__2023-05-02T09:22:41.784178+00:00 [queued]>
[2023-05-02T09:22:48.309+0000] {taskinstance.py:1283} INFO - 
--------------------------------------------------------------------------------
[2023-05-02T09:22:48.309+0000] {taskinstance.py:1284} INFO - Starting attempt 1 of 1
[2023-05-02T09:22:48.310+0000] {taskinstance.py:1285} INFO - 
--------------------------------------------------------------------------------
[2023-05-02T09:22:48.325+0000] {taskinstance.py:1304} INFO - Executing <Task(_PythonDecoratedOperator): download_files_url> on 2023-05-02 09:22:41.784178+00:00
[2023-05-02T09:22:48.331+0000] {standard_task_runner.py:55} INFO - Started process 1525 to run task
[2023-05-02T09:22:48.336+0000] {standard_task_runner.py:82} INFO - Running: ['***', 'tasks', 'run', 'prueba_tecnica', 'download_files_url', 'manual__2023-05-02T09:22:41.784178+00:00', '--job-id', '105', '--raw', '--subdir', 'DAGS_FOLDER/data_process/prueba/Prueba_Tecnica.py', '--cfg-path', '/tmp/tmptat2a4bg']
[2023-05-02T09:22:48.337+0000] {standard_task_runner.py:83} INFO - Job 105: Subtask download_files_url
[2023-05-02T09:22:48.413+0000] {task_command.py:389} INFO - Running <TaskInstance: prueba_tecnica.download_files_url manual__2023-05-02T09:22:41.784178+00:00 [running]> on host fc43d9cc2362
[2023-05-02T09:22:48.477+0000] {taskinstance.py:1511} INFO - Exporting the following env vars:
AIRFLOW_CTX_DAG_OWNER=loliveros
AIRFLOW_CTX_DAG_ID=prueba_tecnica
AIRFLOW_CTX_TASK_ID=download_files_url
AIRFLOW_CTX_EXECUTION_DATE=2023-05-02T09:22:41.784178+00:00
AIRFLOW_CTX_TRY_NUMBER=1
AIRFLOW_CTX_DAG_RUN_ID=manual__2023-05-02T09:22:41.784178+00:00
[2023-05-02T09:23:12.432+0000] {Prueba_Tecnica.py:93} INFO - Files downloaded: ['/tmp/prueba_tecnica/data/raw/collisions_20230502.csv']
[2023-05-02T09:23:12.433+0000] {Prueba_Tecnica.py:95} INFO - num workers: 6
[2023-05-02T09:23:12.433+0000] {python.py:177} INFO - Done. Returned value was: None
[2023-05-02T09:23:12.451+0000] {taskinstance.py:1322} INFO - Marking task as SUCCESS. dag_id=prueba_tecnica, task_id=download_files_url, execution_date=20230502T092241, start_date=20230502T092248, end_date=20230502T092312
[2023-05-02T09:23:12.492+0000] {local_task_job.py:159} INFO - Task exited with return code 0
[2023-05-02T09:23:12.524+0000] {taskinstance.py:2582} INFO - 6 downstream tasks scheduled from follow-on schedule check
