[2023-05-02T17:36:09.488+0000] {taskinstance.py:1087} INFO - Dependencies all met for <TaskInstance: prueba_tecnica.transform_data manual__2023-05-02T17:31:44.654998+00:00 map_index=1 [queued]>
[2023-05-02T17:36:09.500+0000] {taskinstance.py:1087} INFO - Dependencies all met for <TaskInstance: prueba_tecnica.transform_data manual__2023-05-02T17:31:44.654998+00:00 map_index=1 [queued]>
[2023-05-02T17:36:09.501+0000] {taskinstance.py:1283} INFO - 
--------------------------------------------------------------------------------
[2023-05-02T17:36:09.501+0000] {taskinstance.py:1284} INFO - Starting attempt 2 of 3
[2023-05-02T17:36:09.501+0000] {taskinstance.py:1285} INFO - 
--------------------------------------------------------------------------------
[2023-05-02T17:36:09.514+0000] {taskinstance.py:1304} INFO - Executing <Mapped(_PythonDecoratedOperator): transform_data> on 2023-05-02 17:31:44.654998+00:00
[2023-05-02T17:36:09.520+0000] {standard_task_runner.py:55} INFO - Started process 1290 to run task
[2023-05-02T17:36:09.524+0000] {standard_task_runner.py:82} INFO - Running: ['***', 'tasks', 'run', 'prueba_tecnica', 'transform_data', 'manual__2023-05-02T17:31:44.654998+00:00', '--job-id', '81', '--raw', '--subdir', 'DAGS_FOLDER/data_process/prueba/Prueba_Tecnica.py', '--cfg-path', '/tmp/tmp_m_ou053', '--map-index', '1']
[2023-05-02T17:36:09.525+0000] {standard_task_runner.py:83} INFO - Job 81: Subtask transform_data
[2023-05-02T17:36:09.582+0000] {task_command.py:389} INFO - Running <TaskInstance: prueba_tecnica.transform_data manual__2023-05-02T17:31:44.654998+00:00 map_index=1 [running]> on host bb7d79814ac7
[2023-05-02T17:36:09.651+0000] {taskinstance.py:1511} INFO - Exporting the following env vars:
AIRFLOW_CTX_DAG_OWNER=loliveros
AIRFLOW_CTX_DAG_ID=prueba_tecnica
AIRFLOW_CTX_TASK_ID=transform_data
AIRFLOW_CTX_EXECUTION_DATE=2023-05-02T17:31:44.654998+00:00
AIRFLOW_CTX_TRY_NUMBER=2
AIRFLOW_CTX_DAG_RUN_ID=manual__2023-05-02T17:31:44.654998+00:00
[2023-05-02T17:36:09.653+0000] {Prueba_Tecnica.py:120} INFO - Counter: 1 and dim list file path: 2
[2023-05-02T17:36:09.653+0000] {Prueba_Tecnica.py:124} INFO - File path: /tmp/prueba_tecnica/data/raw/collisions_20230502.csv and file path dest: /tmp/prueba_tecnica/data/stage
[2023-05-02T17:36:10.810+0000] {warnings.py:109} WARNING - /opt/***/dags/data_process/prueba/utils/general_utils.py:25: DtypeWarning: Columns (27) have mixed types. Specify dtype option on import or set low_memory=False.
  df = pd.read_csv(file_path, sep = sep, encoding = encoding, header = header)

[2023-05-02T17:36:11.136+0000] {taskinstance.py:1772} ERROR - Task failed with exception
Traceback (most recent call last):
  File "/home/airflow/.local/lib/python3.9/site-packages/airflow/decorators/base.py", line 217, in execute
    return_value = super().execute(context)
  File "/home/airflow/.local/lib/python3.9/site-packages/airflow/operators/python.py", line 175, in execute
    return_value = self.execute_callable()
  File "/home/airflow/.local/lib/python3.9/site-packages/airflow/operators/python.py", line 192, in execute_callable
    return self.python_callable(*self.op_args, **self.op_kwargs)
  File "/opt/airflow/dags/data_process/prueba/Prueba_Tecnica.py", line 143, in transform_data
    clean_transform_data(df = data, subset_columns=['WEATHER'], json_groupby=json_groupby,path_dest = dir_dest)
  File "/opt/airflow/dags/data_process/prueba/utils/general_utils.py", line 40, in clean_transform_data
    collision_count = pd.NamedAgg(
AttributeError: 'NamedAgg' object has no attribute 'reset_index'
[2023-05-02T17:36:11.147+0000] {taskinstance.py:1322} INFO - Marking task as UP_FOR_RETRY. dag_id=prueba_tecnica, task_id=transform_data, map_index=1, execution_date=20230502T173144, start_date=20230502T173609, end_date=20230502T173611
[2023-05-02T17:36:11.164+0000] {standard_task_runner.py:100} ERROR - Failed to execute job 81 for task transform_data ('NamedAgg' object has no attribute 'reset_index'; 1290)
[2023-05-02T17:36:11.221+0000] {local_task_job.py:159} INFO - Task exited with return code 1
[2023-05-02T17:36:11.243+0000] {taskinstance.py:2582} INFO - 0 downstream tasks scheduled from follow-on schedule check
