[2023-05-02T16:47:24.942+0000] {taskinstance.py:1087} INFO - Dependencies all met for <TaskInstance: prueba_tecnica.transform_data scheduled__2023-05-01T00:30:00+00:00 map_index=3 [queued]>
[2023-05-02T16:47:24.980+0000] {taskinstance.py:1087} INFO - Dependencies all met for <TaskInstance: prueba_tecnica.transform_data scheduled__2023-05-01T00:30:00+00:00 map_index=3 [queued]>
[2023-05-02T16:47:24.980+0000] {taskinstance.py:1283} INFO - 
--------------------------------------------------------------------------------
[2023-05-02T16:47:24.981+0000] {taskinstance.py:1284} INFO - Starting attempt 1 of 1
[2023-05-02T16:47:24.981+0000] {taskinstance.py:1285} INFO - 
--------------------------------------------------------------------------------
[2023-05-02T16:47:25.026+0000] {taskinstance.py:1304} INFO - Executing <Mapped(_PythonDecoratedOperator): transform_data> on 2023-05-01 00:30:00+00:00
[2023-05-02T16:47:25.039+0000] {standard_task_runner.py:55} INFO - Started process 178 to run task
[2023-05-02T16:47:25.081+0000] {standard_task_runner.py:82} INFO - Running: ['***', 'tasks', 'run', 'prueba_tecnica', 'transform_data', 'scheduled__2023-05-01T00:30:00+00:00', '--job-id', '13', '--raw', '--subdir', 'DAGS_FOLDER/data_process/prueba/Prueba_Tecnica.py', '--cfg-path', '/tmp/tmp28b979me', '--map-index', '3']
[2023-05-02T16:47:25.088+0000] {standard_task_runner.py:83} INFO - Job 13: Subtask transform_data
[2023-05-02T16:47:25.255+0000] {task_command.py:389} INFO - Running <TaskInstance: prueba_tecnica.transform_data scheduled__2023-05-01T00:30:00+00:00 map_index=3 [running]> on host bb7d79814ac7
[2023-05-02T16:47:25.416+0000] {taskinstance.py:1511} INFO - Exporting the following env vars:
AIRFLOW_CTX_DAG_OWNER=loliveros
AIRFLOW_CTX_DAG_ID=prueba_tecnica
AIRFLOW_CTX_TASK_ID=transform_data
AIRFLOW_CTX_EXECUTION_DATE=2023-05-01T00:30:00+00:00
AIRFLOW_CTX_TRY_NUMBER=1
AIRFLOW_CTX_DAG_RUN_ID=scheduled__2023-05-01T00:30:00+00:00
[2023-05-02T16:47:25.418+0000] {Prueba_Tecnica.py:119} INFO - Counter: 3 and dim list file path: 2
[2023-05-02T16:47:25.418+0000] {python.py:177} INFO - Done. Returned value was: None
[2023-05-02T16:47:25.440+0000] {taskinstance.py:1322} INFO - Marking task as SUCCESS. dag_id=prueba_tecnica, task_id=transform_data, map_index=3, execution_date=20230501T003000, start_date=20230502T164724, end_date=20230502T164725
[2023-05-02T16:47:25.480+0000] {local_task_job.py:159} INFO - Task exited with return code 0
[2023-05-02T16:47:25.529+0000] {taskinstance.py:2582} INFO - 0 downstream tasks scheduled from follow-on schedule check
